INFO:__main__:howdy! I'm going to take a look at your pump download something info.
INFO:link:Link opened serial port: Serial<id=0x992550, open=True>(port='/dev/ttyUSB0', baudrate=9600, bytesize=8, parity='N', stopbits=1, timeout=0.4, xonxoff=False, rtscts=False, dsrdtr=False)
INFO:stick:PROCESS:OPEN:0.198
INFO:stick:PROCESS:START:3.264:ProductInfo:0x04
INFO:stick:link Stick transmit[None] reader[None] download_i[False] status[None] poll_size[None] poll_i[None] command[<ProductInfo:0x04:size(64)>] processing ProductInfo:0x04)
INFO:stick:send_force_read: attempt 0/5 send command, read until we get something within some timeout
INFO:stick:link Stick transmit[None] reader[None] download_i[False] status[None] poll_size[None] poll_i[None] command[<ProductInfo:0x04:size(64)>] sending ProductInfo:0x04)
INFO:root:usb.write.len: 3
0000   0x04 0x00 0x00                             ...
DEBUG:stick:sleeping 0.001
INFO:root:usb.read.len: 0
INFO:root:usb.read.raw:

INFO:stick:zero length READ, try once more sleep .250
INFO:root:usb.read.len: 64
INFO:root:usb.read.raw:
0000   0x01 0x55 0x00 0x0a 0x1a 0x00 0x00 0x00    .U......
0008   0x00 0x43 0x6f 0x6d 0x4c 0x69 0x6e 0x6b    .ComLink
0010   0x20 0x49 0x49 0x01 0x10 0x02 0x00 0x01     II.....
0018   0x01 0x03 0x00 0x00 0x00 0x00 0x00 0x00    ........
0020   0x00 0x00 0x00 0x00 0x00 0x00 0x00 0x00    ........
0028   0x00 0x00 0x00 0x00 0x00 0x00 0x00 0x00    ........
0030   0x00 0x00 0x00 0x00 0x00 0x00 0x00 0x00    ........
0038   0x00 0x00 0x00 0x00 0x00 0x00 0x00 0x00    ........
INFO:stick:quit send_force_read, found len: 64 expected 64 after 0 attempts
INFO:stick:finished processing ProductInfo:0x04, {'description': 'ComLink II', 'software.version': '1.16', 'interfaces': [(0, 'Paradigm RF'), (1, 'USB')], 'product.version': '0.0', 'rf.freq': '916.5Mhz', 'serial': '0a1a00'}
INFO:stick:PROCESS:END:730.461:ProductInfo:0x04
INFO:stick:{'description': 'ComLink II', 'software.version': '1.16', 'interfaces': [(0, 'Paradigm RF'), (1, 'USB')], 'product.version': '0.0', 'rf.freq': '916.5Mhz', 'serial': '0a1a00'}
INFO:stick:PROCESS:START:737.232:ProductInfo:0x04
INFO:stick:link Stick transmit[None] reader[None] download_i[False] status[None] poll_size[None] poll_i[None] command[<ProductInfo:0x04:size(64)>] processing ProductInfo:0x04)
INFO:stick:send_force_read: attempt 0/5 send command, read until we get something within some timeout
INFO:stick:link Stick transmit[None] reader[None] download_i[False] status[None] poll_size[None] poll_i[None] command[<ProductInfo:0x04:size(64)>] sending ProductInfo:0x04)
INFO:root:usb.write.len: 3
0000   0x04 0x00 0x00                             ...
DEBUG:stick:sleeping 0.001
INFO:root:usb.read.len: 64
INFO:root:usb.read.raw:
0000   0x01 0x55 0x00 0x0a 0x1a 0x00 0x00 0x00    .U......
0008   0x00 0x43 0x6f 0x6d 0x4c 0x69 0x6e 0x6b    .ComLink
0010   0x20 0x49 0x49 0x01 0x10 0x02 0x00 0x01     II.....
0018   0x01 0x03 0x00 0x00 0x00 0x00 0x00 0x00    ........
0020   0x00 0x00 0x00 0x00 0x00 0x00 0x00 0x00    ........
0028   0x00 0x00 0x00 0x00 0x00 0x00 0x00 0x00    ........
0030   0x00 0x00 0x00 0x00 0x00 0x00 0x00 0x00    ........
0038   0x00 0x00 0x00 0x00 0x00 0x00 0x00 0x00    ........
INFO:stick:quit send_force_read, found len: 64 expected 64 after 0 attempts
INFO:stick:finished processing ProductInfo:0x04, {'description': 'ComLink II', 'software.version': '1.16', 'interfaces': [(0, 'Paradigm RF'), (1, 'USB')], 'product.version': '0.0', 'rf.freq': '916.5Mhz', 'serial': '0a1a00'}
INFO:stick:PROCESS:END:777.044:ProductInfo:0x04
INFO:stick:{'description': 'ComLink II', 'software.version': '1.16', 'interfaces': [(0, 'Paradigm RF'), (1, 'USB')], 'product.version': '0.0', 'rf.freq': '916.5Mhz', 'serial': '0a1a00'}
INFO:stick:get signal strength of Stick transmit[None] reader[None] download_i[False] status[None] poll_size[None] poll_i[None] command[<ProductInfo:0x04:size(64)>]
INFO:stick:PROCESS:START:787.773:SignalStrength:0x06 0x00
INFO:stick:link Stick transmit[None] reader[None] download_i[False] status[None] poll_size[None] poll_i[None] command[<SignalStrength:0x06 0x00:size(64)>] processing SignalStrength:0x06 0x00)
INFO:stick:send_force_read: attempt 0/5 send command, read until we get something within some timeout
INFO:stick:link Stick transmit[None] reader[None] download_i[False] status[None] poll_size[None] poll_i[None] command[<SignalStrength:0x06 0x00:size(64)>] sending SignalStrength:0x06 0x00)
INFO:root:usb.write.len: 3
0000   0x06 0x00 0x00                             ...
DEBUG:stick:sleeping 0.001
INFO:root:usb.read.len: 64
INFO:root:usb.read.raw:
0000   0x01 0x55 0x00 0x9e 0x1a 0x00 0x00 0x00    .U......
0008   0x00 0x43 0x6f 0x6d 0x4c 0x69 0x6e 0x6b    .ComLink
0010   0x20 0x49 0x49 0x01 0x10 0x02 0x00 0x01     II.....
0018   0x01 0x03 0x00 0x00 0x00 0x00 0x00 0x00    ........
0020   0x00 0x00 0x00 0x00 0x00 0x00 0x00 0x00    ........
0028   0x00 0x00 0x00 0x00 0x00 0x00 0x00 0x00    ........
0030   0x00 0x00 0x00 0x00 0x00 0x00 0x00 0x00    ........
0038   0x00 0x00 0x00 0x00 0x00 0x00 0x00 0x00    ........
INFO:stick:quit send_force_read, found len: 64 expected 64 after 0 attempts
INFO:stick:<SignalStrength:0x06 0x00:size(64)>:readSignalStrength:158
INFO:stick:finished processing SignalStrength:0x06 0x00, 158
INFO:stick:PROCESS:END:829.617:SignalStrength:0x06 0x00
INFO:stick:we seem to have found a nice signal strength of: 158
INFO:session:setting up to talk with 772310
INFO:stick:PROCESS:START:839.434:UsbStats:0x05 0x01
INFO:stick:link Stick transmit[None] reader[None] download_i[False] status[None] poll_size[None] poll_i[None] command[<UsbStats:0x05 0x01:size(64)>] processing UsbStats:0x05 0x01)
INFO:stick:send_force_read: attempt 0/5 send command, read until we get something within some timeout
INFO:stick:link Stick transmit[None] reader[None] download_i[False] status[None] poll_size[None] poll_i[None] command[<UsbStats:0x05 0x01:size(64)>] sending UsbStats:0x05 0x01)
INFO:root:usb.write.len: 3
0000   0x05 0x01 0x00                             ...
DEBUG:stick:sleeping 0.001
INFO:root:usb.read.len: 64
INFO:root:usb.read.raw:
0000   0x01 0x55 0x00 0x00 0x00 0x00 0x01 0x00    .U......
0008   0x00 0x02 0xba 0x00 0x00 0x02 0xba 0x02    ........
0010   0xd3 0x05 0x53 0x02 0xba 0x04 0x00 0x00    ..S.....
0018   0x05 0x03 0x00 0x00 0x00 0x00 0x00 0x00    ........
0020   0x00 0x00 0x00 0x00 0x00 0x00 0x00 0x00    ........
0028   0x00 0x00 0x00 0x00 0x00 0x00 0x00 0x00    ........
0030   0x00 0x00 0x00 0x00 0x00 0x00 0x00 0x00    ........
0038   0x00 0x00 0x00 0x00 0x00 0x00 0x00 0x00    ........
INFO:stick:quit send_force_read, found len: 64 expected 64 after 0 attempts
INFO:stick:finished processing UsbStats:0x05 0x01, {'errors.timeouts': 1, 'packets.transmit': 698L, 'errors.naks': 0, 'errors.sequence': 0, 'packets.received': 698L, 'errors.crc': 0}
INFO:stick:PROCESS:END:878.543:UsbStats:0x05 0x01
INFO:stick:PROCESS:START:882.224:RadioStats:0x05 0x00
INFO:stick:link Stick transmit[None] reader[None] download_i[False] status[None] poll_size[None] poll_i[None] command[<RadioStats:0x05 0x00:size(64)>] processing RadioStats:0x05 0x00)
INFO:stick:send_force_read: attempt 0/5 send command, read until we get something within some timeout
INFO:stick:link Stick transmit[None] reader[None] download_i[False] status[None] poll_size[None] poll_i[None] command[<RadioStats:0x05 0x00:size(64)>] sending RadioStats:0x05 0x00)
INFO:root:usb.write.len: 3
0000   0x05 0x00 0x00                             ...
DEBUG:stick:sleeping 0.001
INFO:root:usb.read.len: 64
INFO:root:usb.read.raw:
0000   0x01 0x55 0x00 0x00 0x00 0x00 0x0e 0x00    .U......
0008   0x00 0x00 0xc9 0x00 0x00 0x00 0xdf 0x00    ........
0010   0x00 0x00 0x5d 0x00 0x1a 0x00 0x71 0x00    ..]...q.
0018   0xaf 0x00 0x11 0x00 0x00 0x00 0x00 0x00    ........
0020   0x00 0x01 0x00 0x81 0x00 0x00 0x00 0x00    ........
0028   0x00 0x00 0x00 0x00 0x00 0x00 0x00 0x00    ........
0030   0x00 0x00 0x00 0x00 0x00 0x00 0x00 0x00    ........
0038   0x00 0x00 0x00 0x00 0x00 0x00 0x00 0x00    ........
INFO:stick:quit send_force_read, found len: 64 expected 64 after 0 attempts
INFO:stick:finished processing RadioStats:0x05 0x00, {'errors.timeouts': 14, 'packets.transmit': 223L, 'errors.naks': 0, 'errors.sequence': 0, 'packets.received': 201L, 'errors.crc': 0}
INFO:stick:PROCESS:END:922.382:RadioStats:0x05 0x00
INFO:__main__:{'radio': {'errors.crc': 0,
           'errors.naks': 0,
           'errors.sequence': 0,
           'errors.timeouts': 14,
           'packets.received': 201L,
           'packets.transmit': 223L},
 'usb': {'errors.crc': 0,
         'errors.naks': 0,
         'errors.sequence': 0,
         'errors.timeouts': 1,
         'packets.received': 698L,
         'packets.transmit': 698L}}
INFO:stick:PROCESS:OPEN:0.196
INFO:stick:PROCESS:START:3.47:ProductInfo:0x04
INFO:stick:link Stick transmit[None] reader[None] download_i[False] status[None] poll_size[None] poll_i[None] command[<ProductInfo:0x04:size(64)>] processing ProductInfo:0x04)
INFO:stick:send_force_read: attempt 0/5 send command, read until we get something within some timeout
INFO:stick:link Stick transmit[None] reader[None] download_i[False] status[None] poll_size[None] poll_i[None] command[<ProductInfo:0x04:size(64)>] sending ProductInfo:0x04)
INFO:root:usb.write.len: 3
0000   0x04 0x00 0x00                             ...
DEBUG:stick:sleeping 0.001
INFO:root:usb.read.len: 64
INFO:root:usb.read.raw:
0000   0x01 0x55 0x00 0x0a 0x1a 0x00 0x00 0x00    .U......
0008   0x00 0x43 0x6f 0x6d 0x4c 0x69 0x6e 0x6b    .ComLink
0010   0x20 0x49 0x49 0x01 0x10 0x02 0x00 0x01     II.....
0018   0x01 0x03 0x00 0x00 0x00 0x00 0x00 0x00    ........
0020   0x00 0x00 0x00 0x00 0x00 0x00 0x00 0x00    ........
0028   0x00 0x00 0x00 0x00 0x00 0x00 0x00 0x00    ........
0030   0x00 0x00 0x00 0x00 0x00 0x00 0x00 0x00    ........
0038   0x00 0x00 0x00 0x00 0x00 0x00 0x00 0x00    ........
INFO:stick:quit send_force_read, found len: 64 expected 64 after 0 attempts
INFO:stick:finished processing ProductInfo:0x04, {'description': 'ComLink II', 'software.version': '1.16', 'interfaces': [(0, 'Paradigm RF'), (1, 'USB')], 'product.version': '0.0', 'rf.freq': '916.5Mhz', 'serial': '0a1a00'}
INFO:stick:PROCESS:END:44.031:ProductInfo:0x04
INFO:stick:{'description': 'ComLink II', 'software.version': '1.16', 'interfaces': [(0, 'Paradigm RF'), (1, 'USB')], 'product.version': '0.0', 'rf.freq': '916.5Mhz', 'serial': '0a1a00'}
INFO:stick:PROCESS:START:50.725:ProductInfo:0x04
INFO:stick:link Stick transmit[None] reader[None] download_i[False] status[None] poll_size[None] poll_i[None] command[<ProductInfo:0x04:size(64)>] processing ProductInfo:0x04)
INFO:stick:send_force_read: attempt 0/5 send command, read until we get something within some timeout
INFO:stick:link Stick transmit[None] reader[None] download_i[False] status[None] poll_size[None] poll_i[None] command[<ProductInfo:0x04:size(64)>] sending ProductInfo:0x04)
INFO:root:usb.write.len: 3
0000   0x04 0x00 0x00                             ...
DEBUG:stick:sleeping 0.001
INFO:root:usb.read.len: 64
INFO:root:usb.read.raw:
0000   0x01 0x55 0x00 0x0a 0x1a 0x00 0x00 0x00    .U......
0008   0x00 0x43 0x6f 0x6d 0x4c 0x69 0x6e 0x6b    .ComLink
0010   0x20 0x49 0x49 0x01 0x10 0x02 0x00 0x01     II.....
0018   0x01 0x03 0x00 0x00 0x00 0x00 0x00 0x00    ........
0020   0x00 0x00 0x00 0x00 0x00 0x00 0x00 0x00    ........
0028   0x00 0x00 0x00 0x00 0x00 0x00 0x00 0x00    ........
0030   0x00 0x00 0x00 0x00 0x00 0x00 0x00 0x00    ........
0038   0x00 0x00 0x00 0x00 0x00 0x00 0x00 0x00    ........
INFO:stick:quit send_force_read, found len: 64 expected 64 after 0 attempts
INFO:stick:finished processing ProductInfo:0x04, {'description': 'ComLink II', 'software.version': '1.16', 'interfaces': [(0, 'Paradigm RF'), (1, 'USB')], 'product.version': '0.0', 'rf.freq': '916.5Mhz', 'serial': '0a1a00'}
INFO:stick:PROCESS:END:90.394:ProductInfo:0x04
INFO:stick:{'description': 'ComLink II', 'software.version': '1.16', 'interfaces': [(0, 'Paradigm RF'), (1, 'USB')], 'product.version': '0.0', 'rf.freq': '916.5Mhz', 'serial': '0a1a00'}
INFO:stick:get signal strength of Stick transmit[None] reader[None] download_i[False] status[None] poll_size[None] poll_i[None] command[<ProductInfo:0x04:size(64)>]
INFO:stick:PROCESS:START:101.071:SignalStrength:0x06 0x00
INFO:stick:link Stick transmit[None] reader[None] download_i[False] status[None] poll_size[None] poll_i[None] command[<SignalStrength:0x06 0x00:size(64)>] processing SignalStrength:0x06 0x00)
INFO:stick:send_force_read: attempt 0/5 send command, read until we get something within some timeout
INFO:stick:link Stick transmit[None] reader[None] download_i[False] status[None] poll_size[None] poll_i[None] command[<SignalStrength:0x06 0x00:size(64)>] sending SignalStrength:0x06 0x00)
INFO:root:usb.write.len: 3
0000   0x06 0x00 0x00                             ...
DEBUG:stick:sleeping 0.001
INFO:root:usb.read.len: 64
INFO:root:usb.read.raw:
0000   0x01 0x55 0x00 0xa1 0x1a 0x00 0x00 0x00    .U......
0008   0x00 0x43 0x6f 0x6d 0x4c 0x69 0x6e 0x6b    .ComLink
0010   0x20 0x49 0x49 0x01 0x10 0x02 0x00 0x01     II.....
0018   0x01 0x03 0x00 0x00 0x00 0x00 0x00 0x00    ........
0020   0x00 0x00 0x00 0x00 0x00 0x00 0x00 0x00    ........
0028   0x00 0x00 0x00 0x00 0x00 0x00 0x00 0x00    ........
0030   0x00 0x00 0x00 0x00 0x00 0x00 0x00 0x00    ........
0038   0x00 0x00 0x00 0x00 0x00 0x00 0x00 0x00    ........
INFO:stick:quit send_force_read, found len: 64 expected 64 after 0 attempts
INFO:stick:<SignalStrength:0x06 0x00:size(64)>:readSignalStrength:161
INFO:stick:finished processing SignalStrength:0x06 0x00, 161
INFO:stick:PROCESS:END:144.258:SignalStrength:0x06 0x00
INFO:stick:we seem to have found a nice signal strength of: 161
INFO:__main__:read HISTORY DATA
INFO:session:execute attempt: 1
INFO:session:session transferring packet
INFO:stick:transmit_packet:write:<TransmitPacket:ReadHistoryData:size[1024]:[page][0]:data[0]:>
INFO:stick:PROCESS:START:164.949:TransmitPacket:ReadHistoryData:size[1024]:[page][0]:data[0]:
INFO:stick:link Stick transmit[TransmitPacket:ReadHistoryData:size[1024]:[page][0]:data[0]:] reader[None] download_i[False] status[None] poll_size[None] poll_i[None] command[<TransmitPacket:ReadHistoryData:size[1024]:[page][0]:data[0]:>] processing TransmitPacket:ReadHistoryData:size[1024]:[page][0]:data[0]:)
INFO:stick:send_force_read: attempt 0/5 send command, read until we get something within some timeout
INFO:stick:link Stick transmit[TransmitPacket:ReadHistoryData:size[1024]:[page][0]:data[0]:] reader[None] download_i[False] status[None] poll_size[None] poll_i[None] command[<TransmitPacket:ReadHistoryData:size[1024]:[page][0]:data[0]:>] sending TransmitPacket:ReadHistoryData:size[1024]:[page][0]:data[0]:)
DEBUG:stick:[1, 0, 167, 1, 119, 35, 16, 128, 1, 0, 2, 2, 0, 128, 116, 0, 0]
INFO:root:usb.write.len: 17
0000   0x01 0x00 0xa7 0x01 0x77 0x23 0x10 0x80    ....w#..
0008   0x01 0x00 0x02 0x02 0x00 0x80 0x74 0x00    ......t.
0010   0x00                                       .
DEBUG:stick:sleeping 0.001
INFO:root:usb.read.len: 64
INFO:root:usb.read.raw:
0000   0x01 0x55 0x00 0xa1 0x1a 0x00 0x00 0x00    .U......
0008   0x00 0x43 0x6f 0x6d 0x4c 0x69 0x6e 0x6b    .ComLink
0010   0x20 0x49 0x49 0x01 0x10 0x02 0x00 0x01     II.....
0018   0x01 0x03 0x00 0x00 0x00 0x00 0x00 0x00    ........
0020   0x00 0x00 0x00 0x00 0x00 0x00 0x00 0x00    ........
0028   0x00 0x00 0x00 0x00 0x00 0x00 0x00 0x00    ........
0030   0x00 0x00 0x00 0x00 0x00 0x00 0x00 0x00    ........
0038   0x00 0x00 0x00 0x00 0x00 0x00 0x00 0x00    ........
INFO:stick:quit send_force_read, found len: 64 expected 64 after 0 attempts
INFO:stick:finished processing TransmitPacket:ReadHistoryData:size[1024]:[page][0]:data[0]:, bytearray(b'\xa1\x1a\x00\x00\x00\x00ComLink II\x01\x10\x02\x00\x01\x01\x03\x00\x00\x00\x00\x00\x00\x00\x00\x00\x00\x00\x00\x00\x00\x00\x00\x00\x00\x00\x00\x00\x00\x00\x00\x00\x00\x00\x00\x00\x00\x00\x00\x00\x00\x00\x00\x00\x00')
INFO:stick:PROCESS:END:211.096:TransmitPacket:ReadHistoryData:size[1024]:[page][0]:data[0]:
INFO:session:sleeping 0.1 before download
INFO:session:proceeding with download
INFO:stick:download:start:0
INFO:stick:Stick transmit[TransmitPacket:ReadHistoryData:size[1024]:[page][0]:data[0]:] reader[None] download_i[1] status[None] poll_size[None] poll_i[None] command[<TransmitPacket:ReadHistoryData:size[1024]:[page][0]:data[0]:>]:download(attempts[1],expect[0],results[0]:data[0]):begin first poll first sleep .250
DEBUG:stick:<Stick transmit[TransmitPacket:ReadHistoryData:size[1024]:[page][0]:data[0]:] reader[None] download_i[1] status[None] poll_size[None] poll_i[None] command[<TransmitPacket:ReadHistoryData:size[1024]:[page][0]:data[0]:>]>:STARTING POLL PHASE:attempt:0
DEBUG:stick:<Stick transmit[TransmitPacket:ReadHistoryData:size[1024]:[page][0]:data[0]:] reader[None] download_i[1] status[None] poll_size[0] poll_i[0] command[<TransmitPacket:ReadHistoryData:size[1024]:[page][0]:data[0]:>]>:poll:attempt:0
INFO:stick:PROCESS:START:586.883:LinkStatus:0x03:status:size=64
INFO:stick:link Stick transmit[TransmitPacket:ReadHistoryData:size[1024]:[page][0]:data[0]:] reader[None] download_i[1] status[None] poll_size[0] poll_i[0] command[<LinkStatus:0x03:status:size=64:size(64)>] processing LinkStatus:0x03:status:size=64)
INFO:stick:send_force_read: attempt 0/5 send command, read until we get something within some timeout
INFO:stick:link Stick transmit[TransmitPacket:ReadHistoryData:size[1024]:[page][0]:data[0]:] reader[None] download_i[1] status[None] poll_size[0] poll_i[0] command[<LinkStatus:0x03:status:size=64:size(64)>] sending LinkStatus:0x03:status:size=64)
INFO:root:usb.write.len: 3
0000   0x03 0x00 0x00                             ...
DEBUG:stick:sleeping 0.001
INFO:root:usb.read.len: 64
INFO:root:usb.read.raw:
0000   0x01 0x55 0x00 0x00 0x02 0x03 0x00 0x4e    .U.....N
0008   0x05 0x04 0x00 0x6d 0x4c 0x69 0x6e 0x6b    ...mLink
0010   0x20 0x49 0x49 0x01 0x10 0x02 0x00 0x01     II.....
0018   0x01 0x03 0x00 0x00 0x00 0x00 0x00 0x00    ........
0020   0x00 0x00 0x00 0x00 0x00 0x00 0x00 0x00    ........
0028   0x00 0x00 0x00 0x00 0x00 0x00 0x00 0x00    ........
0030   0x00 0x00 0x00 0x00 0x00 0x00 0x00 0x00    ........
0038   0x00 0x00 0x00 0x00 0x00 0x00 0x00 0x00    ........
INFO:stick:quit send_force_read, found len: 64 expected 64 after 0 attempts
INFO:stick:LinkStatus:0x03:status:size=78

INFO:stick:finished processing LinkStatus:0x03:status:size=78, 78
INFO:stick:PROCESS:END:626.004:LinkStatus:0x03:status:size=78
INFO:stick:Stick transmit[TransmitPacket:ReadHistoryData:size[1024]:[page][0]:data[0]:] reader[None] download_i[1] status[<LinkStatus:0x03:status:size=78:size(78)>] poll_size[78] poll_i[0] command[<LinkStatus:0x03:status:size=78:size(78)>]:STOP POLL after 1 attempts:size:78
INFO:stick:Stick transmit[TransmitPacket:ReadHistoryData:size[1024]:[page][0]:data[0]:] reader[None] download_i[1] status[<LinkStatus:0x03:status:size=78:size(78)>] poll_size[78] poll_i[False] command[<LinkStatus:0x03:status:size=78:size(78)>]:download(attempts[1],expect[78],results[0]:data[0]):end first poll
INFO:stick:Stick transmit[TransmitPacket:ReadHistoryData:size[1024]:[page][0]:data[0]:] reader[None] download_i[1] status[<LinkStatus:0x03:status:size=78:size(78)>] poll_size[78] poll_i[False] command[<LinkStatus:0x03:status:size=78:size(78)>]:download(attempts[1],expect[78],results[0]:data[0]):proceed to download packet
INFO:stick:Stick transmit[TransmitPacket:ReadHistoryData:size[1024]:[page][0]:data[0]:] reader[None] download_i[1] status[<LinkStatus:0x03:status:size=78:size(78)>] poll_size[78] poll_i[False] command[<LinkStatus:0x03:status:size=78:size(78)>]:download_packet:78
INFO:stick:PROCESS:START:645.628:ReadRadio:size:78
INFO:stick:send_force_read: attempt 0/5 send command, read until we get something within some timeout
INFO:stick:link Stick transmit[TransmitPacket:ReadHistoryData:size[1024]:[page][0]:data[0]:] reader[ReadRadio:size:78] download_i[1] status[<LinkStatus:0x03:status:size=78:size(78)>] poll_size[78] poll_i[False] command[<ReadRadio:size:78>] sending ReadRadio:size:78)
INFO:root:usb.write.len: 5
0000   0x0c 0x00 0x00 0x4e 0x95                   ...N.
DEBUG:stick:sleeping 0.001
INFO:root:usb.read.len: 78
INFO:root:usb.read.raw:
0000   0x02 0x00 0x04 0x00 0xeb 0x00 0x40 0xa7    ......@.
0008   0x01 0x77 0x23 0x10 0x62 0x5b 0x21 0x12    .w#.b[!.
0010   0x7b 0x07 0x0e 0x0f 0x00 0x51 0x00 0x55    {....Q.U
0018   0x14 0x64 0x50 0x00 0x00 0x08 0x00 0x00    .dP.....
0020   0x01 0x50 0x78 0x34 0xc8 0x02 0x42 0x08    .Px4..B.
0028   0x0e 0x0f 0x01 0x01 0x50 0x01 0x50 0x00    ....P.P.
0030   0x00 0x00 0x12 0x7b 0x47 0x0e 0x0f 0x34    ...{G..4
0038   0x64 0x19 0x5c 0x0b 0x0e 0x0f 0x5b 0x00    d.\...[.
0040   0x14 0x5e 0x0b 0x0e 0x0f 0x2d 0x50 0x00    .^...-P.
0048   0x55 0x14 0x64 0x00 0x00 0xfc              U.d...
INFO:stick:quit send_force_read, found len: 78 expected 78 after 0 attempts
INFO:stick:readData validating remote raw[ack]: 02
INFO:stick:readData; foreign raw should be at least 14 bytes? 78 True
INFO:stick:readData; raw[retries] 0
INFO:stick:ReadRadio:size:78:eod:found eod (False)
INFO:stick:found packet len(64), link expects(64)
INFO:stick:PROCESS:END:695.639:ReadRadio:size:78
INFO:stick:Stick transmit[TransmitPacket:ReadHistoryData:size[1024]:[page][0]:data[0]:] reader[ReadRadio:size:78] download_i[1] status[<LinkStatus:0x03:status:size=78:size(78)>] poll_size[78] poll_i[False] command[<ReadRadio:size:78>]:download(attempts[1],expect[78],results[64]:data[64]):adding segment
INFO:stick:Stick transmit[TransmitPacket:ReadHistoryData:size[1024]:[page][0]:data[0]:] reader[ReadRadio:size:78] download_i[1] status[<LinkStatus:0x03:status:size=78:size(78)>] poll_size[78] poll_i[False] command[<ReadRadio:size:78>]:download(attempts[1],expect[78],results[64]:data[64]):no eod, sleep .200 try again
DEBUG:stick:<Stick transmit[TransmitPacket:ReadHistoryData:size[1024]:[page][0]:data[0]:] reader[ReadRadio:size:78] download_i[1] status[<LinkStatus:0x03:status:size=78:size(78)>] poll_size[78] poll_i[False] command[<ReadRadio:size:78>]>:STARTING POLL PHASE:attempt:0
DEBUG:stick:<Stick transmit[TransmitPacket:ReadHistoryData:size[1024]:[page][0]:data[0]:] reader[ReadRadio:size:78] download_i[1] status[<LinkStatus:0x03:status:size=78:size(78)>] poll_size[0] poll_i[0] command[<ReadRadio:size:78>]>:poll:attempt:0
INFO:stick:PROCESS:START:917.029:LinkStatus:0x03:status:size=64
INFO:stick:link Stick transmit[TransmitPacket:ReadHistoryData:size[1024]:[page][0]:data[0]:] reader[ReadRadio:size:78] download_i[1] status[<LinkStatus:0x03:status:size=78:size(78)>] poll_size[0] poll_i[0] command[<LinkStatus:0x03:status:size=64:size(64)>] processing LinkStatus:0x03:status:size=64)
INFO:stick:send_force_read: attempt 0/5 send command, read until we get something within some timeout
INFO:stick:link Stick transmit[TransmitPacket:ReadHistoryData:size[1024]:[page][0]:data[0]:] reader[ReadRadio:size:78] download_i[1] status[<LinkStatus:0x03:status:size=78:size(78)>] poll_size[0] poll_i[0] command[<LinkStatus:0x03:status:size=64:size(64)>] sending LinkStatus:0x03:status:size=64)
INFO:root:usb.write.len: 3
0000   0x03 0x00 0x00                             ...
DEBUG:stick:sleeping 0.001
INFO:root:usb.read.len: 64
INFO:root:usb.read.raw:
0000   0x01 0x55 0x00 0x00 0x02 0x01 0x00 0xce    .U......
0008   0x05 0x04 0x00 0x10 0x62 0x5b 0x21 0x12    ....b[!.
0010   0x7b 0x07 0x0e 0x0f 0x00 0x51 0x00 0x55    {....Q.U
0018   0x14 0x64 0x50 0x00 0x00 0x08 0x00 0x00    .dP.....
0020   0x01 0x50 0x78 0x34 0xc8 0x02 0x42 0x08    .Px4..B.
0028   0x0e 0x0f 0x01 0x01 0x50 0x01 0x50 0x00    ....P.P.
0030   0x00 0x00 0x12 0x7b 0x47 0x0e 0x0f 0x34    ...{G..4
0038   0x64 0x19 0x5c 0x0b 0x0e 0x0f 0x5b 0x00    d.\...[.
INFO:stick:quit send_force_read, found len: 64 expected 64 after 0 attempts
INFO:stick:LinkStatus:0x03:status:size=206

INFO:stick:finished processing LinkStatus:0x03:status:size=206, 206
INFO:stick:PROCESS:END:961.396:LinkStatus:0x03:status:size=206
INFO:stick:Stick transmit[TransmitPacket:ReadHistoryData:size[1024]:[page][0]:data[0]:] reader[ReadRadio:size:78] download_i[1] status[<LinkStatus:0x03:status:size=206:size(206)>] poll_size[206] poll_i[0] command[<LinkStatus:0x03:status:size=206:size(206)>]:STOP POLL after 1 attempts:size:206
INFO:stick:Stick transmit[TransmitPacket:ReadHistoryData:size[1024]:[page][0]:data[0]:] reader[ReadRadio:size:78] download_i[2] status[<LinkStatus:0x03:status:size=206:size(206)>] poll_size[206] poll_i[False] command[<LinkStatus:0x03:status:size=206:size(206)>]:download(attempts[2],expect[206],results[64]:data[0]):proceed to download packet
INFO:stick:Stick transmit[TransmitPacket:ReadHistoryData:size[1024]:[page][0]:data[0]:] reader[ReadRadio:size:78] download_i[2] status[<LinkStatus:0x03:status:size=206:size(206)>] poll_size[206] poll_i[False] command[<LinkStatus:0x03:status:size=206:size(206)>]:download_packet:206
INFO:stick:PROCESS:START:979.227:ReadRadio:size:206
INFO:stick:send_force_read: attempt 0/5 send command, read until we get something within some timeout
INFO:stick:link Stick transmit[TransmitPacket:ReadHistoryData:size[1024]:[page][0]:data[0]:] reader[ReadRadio:size:206] download_i[2] status[<LinkStatus:0x03:status:size=206:size(206)>] poll_size[206] poll_i[False] command[<ReadRadio:size:206>] sending ReadRadio:size:206)
INFO:root:usb.write.len: 5
0000   0x0c 0x00 0x00 0xce 0x9e                   .....
DEBUG:stick:sleeping 0.001
INFO:root:usb.read.len: 206
INFO:root:usb.read.raw:
0000   0x02 0x00 0x04 0x00 0xeb 0x00 0xc0 0xa7    ........
0008   0x01 0x77 0x23 0x10 0x09 0xd0 0x00 0x00    .w#.....
0010   0x00 0x00 0xd0 0x78 0x5c 0x08 0x02 0xd2    ...x\...
0018   0x45 0x4e 0xdc 0x44 0x01 0x00 0xd0 0x00    EN.D....
0020   0xd0 0x00 0x48 0x00 0x15 0x5e 0x4b 0x0e    ..H..^K.
0028   0x0f 0x5b 0x00 0x3b 0x70 0x0b 0x0e 0x0f    .[.;p...
0030   0x16 0x50 0x00 0x55 0x14 0x64 0x00 0x00    .P.U.d..
0038   0x64 0x00 0x00 0x00 0x00 0x64 0x78 0x5c    d....dx\
0040   0x0b 0xd0 0x12 0x44 0x02 0xe4 0x45 0x4e    ...D..EN
0048   0xee 0x44 0x01 0x00 0x64 0x00 0x64 0x01    .D..d.d.
0050   0x04 0x00 0x00 0x71 0x4b 0x0e 0x0f 0x7b    ...qK..{
0058   0x03 0x00 0x40 0x0c 0x0e 0x0f 0x18 0x34    ..@....4
0060   0x00 0x5b 0x00 0x2d 0x78 0x0c 0x0e 0x0f    .[.-x...
0068   0x28 0x50 0x00 0x55 0x14 0x64 0x00 0x00    (P.U.d..
0070   0xbc 0x00 0x00 0x00 0x00 0xbc 0x78 0x5c    ......x\
0078   0x11 0x28 0x42 0x44 0x3c 0x4c 0x44 0xd0    .(BD<LD.
0080   0x56 0x44 0x02 0x28 0x55 0x4e 0x32 0x54    VD.(UN2T
0088   0x01 0x00 0xbc 0x00 0xbc 0x01 0x04 0x00    ........
0090   0x2d 0x78 0x4c 0x0e 0x0f 0x0a 0xc3 0x07    -xL.....
0098   0x57 0x2e 0x6e 0x0f 0x3f 0x18 0x07 0x57    W.n.?..W
00A0   0x6e 0x6e 0x0f 0xc0 0xaf 0x4b 0x1e 0x01    nn...K..
00A8   0x24 0x76 0x0e 0x0e 0x0f 0x7b 0x03 0x2e    $v...{..
00B0   0x76 0x0e 0x0e 0x0f 0x18 0x34 0x00 0x1f    v....4..
00B8   0x20 0x2e 0x76 0x0e 0x0e 0x0f 0x00 0x00     .v.....
00C0   0x00 0x00 0x00 0x00 0x00 0x00 0x00 0x00    ........
00C8   0x00 0x00 0x00 0x00 0x00 0x9d              ......
INFO:stick:quit send_force_read, found len: 206 expected 206 after 0 attempts
INFO:stick:readData validating remote raw[ack]: 02
INFO:stick:readData; foreign raw should be at least 14 bytes? 206 True
INFO:stick:readData; raw[retries] 0
INFO:stick:ReadRadio:size:206:eod:found eod (False)
INFO:stick:found packet len(192), link expects(192)
INFO:stick:PROCESS:END:1059.59:ReadRadio:size:206
INFO:stick:Stick transmit[TransmitPacket:ReadHistoryData:size[1024]:[page][0]:data[0]:] reader[ReadRadio:size:206] download_i[2] status[<LinkStatus:0x03:status:size=206:size(206)>] poll_size[206] poll_i[False] command[<ReadRadio:size:206>]:download(attempts[2],expect[206],results[256]:data[192]):adding segment
INFO:stick:Stick transmit[TransmitPacket:ReadHistoryData:size[1024]:[page][0]:data[0]:] reader[ReadRadio:size:206] download_i[2] status[<LinkStatus:0x03:status:size=206:size(206)>] poll_size[206] poll_i[False] command[<ReadRadio:size:206>]:download(attempts[2],expect[206],results[256]:data[192]):no eod, sleep .200 try again
DEBUG:stick:<Stick transmit[TransmitPacket:ReadHistoryData:size[1024]:[page][0]:data[0]:] reader[ReadRadio:size:206] download_i[2] status[<LinkStatus:0x03:status:size=206:size(206)>] poll_size[206] poll_i[False] command[<ReadRadio:size:206>]>:STARTING POLL PHASE:attempt:0
DEBUG:stick:<Stick transmit[TransmitPacket:ReadHistoryData:size[1024]:[page][0]:data[0]:] reader[ReadRadio:size:206] download_i[2] status[<LinkStatus:0x03:status:size=206:size(206)>] poll_size[0] poll_i[0] command[<ReadRadio:size:206>]>:poll:attempt:0
INFO:stick:PROCESS:START:1280.723:LinkStatus:0x03:status:size=64
INFO:stick:link Stick transmit[TransmitPacket:ReadHistoryData:size[1024]:[page][0]:data[0]:] reader[ReadRadio:size:206] download_i[2] status[<LinkStatus:0x03:status:size=206:size(206)>] poll_size[0] poll_i[0] command[<LinkStatus:0x03:status:size=64:size(64)>] processing LinkStatus:0x03:status:size=64)
INFO:stick:send_force_read: attempt 0/5 send command, read until we get something within some timeout
INFO:stick:link Stick transmit[TransmitPacket:ReadHistoryData:size[1024]:[page][0]:data[0]:] reader[ReadRadio:size:206] download_i[2] status[<LinkStatus:0x03:status:size=206:size(206)>] poll_size[0] poll_i[0] command[<LinkStatus:0x03:status:size=64:size(64)>] sending LinkStatus:0x03:status:size=64)
INFO:root:usb.write.len: 3
0000   0x03 0x00 0x00                             ...
DEBUG:stick:sleeping 0.001
INFO:root:usb.read.len: 64
INFO:root:usb.read.raw:
0000   0x01 0x55 0x00 0x00 0x02 0x03 0x00 0x8e    .U......
0008   0x05 0x04 0x00 0x10 0x09 0xd0 0x00 0x00    ........
0010   0x00 0x00 0xd0 0x78 0x5c 0x08 0x02 0xd2    ...x\...
0018   0x45 0x4e 0xdc 0x44 0x01 0x00 0xd0 0x00    EN.D....
0020   0xd0 0x00 0x48 0x00 0x15 0x5e 0x4b 0x0e    ..H..^K.
0028   0x0f 0x5b 0x00 0x3b 0x70 0x0b 0x0e 0x0f    .[.;p...
0030   0x16 0x50 0x00 0x55 0x14 0x64 0x00 0x00    .P.U.d..
0038   0x64 0x00 0x00 0x00 0x00 0x64 0x78 0x5c    d....dx\
INFO:stick:quit send_force_read, found len: 64 expected 64 after 0 attempts
INFO:stick:LinkStatus:0x03:status:size=142

INFO:stick:finished processing LinkStatus:0x03:status:size=142, 142
INFO:stick:PROCESS:END:1324.488:LinkStatus:0x03:status:size=142
INFO:stick:Stick transmit[TransmitPacket:ReadHistoryData:size[1024]:[page][0]:data[0]:] reader[ReadRadio:size:206] download_i[2] status[<LinkStatus:0x03:status:size=142:size(142)>] poll_size[142] poll_i[0] command[<LinkStatus:0x03:status:size=142:size(142)>]:STOP POLL after 1 attempts:size:142
INFO:stick:Stick transmit[TransmitPacket:ReadHistoryData:size[1024]:[page][0]:data[0]:] reader[ReadRadio:size:206] download_i[3] status[<LinkStatus:0x03:status:size=142:size(142)>] poll_size[142] poll_i[False] command[<LinkStatus:0x03:status:size=142:size(142)>]:download(attempts[3],expect[142],results[256]:data[0]):proceed to download packet
INFO:stick:Stick transmit[TransmitPacket:ReadHistoryData:size[1024]:[page][0]:data[0]:] reader[ReadRadio:size:206] download_i[3] status[<LinkStatus:0x03:status:size=142:size(142)>] poll_size[142] poll_i[False] command[<LinkStatus:0x03:status:size=142:size(142)>]:download_packet:142
INFO:stick:PROCESS:START:1342.174:ReadRadio:size:142
INFO:stick:send_force_read: attempt 0/5 send command, read until we get something within some timeout
INFO:stick:link Stick transmit[TransmitPacket:ReadHistoryData:size[1024]:[page][0]:data[0]:] reader[ReadRadio:size:142] download_i[3] status[<LinkStatus:0x03:status:size=142:size(142)>] poll_size[142] poll_i[False] command[<ReadRadio:size:142>] sending ReadRadio:size:142)
INFO:root:usb.write.len: 5
0000   0x0c 0x00 0x00 0x8e 0x56                   ....V
DEBUG:stick:sleeping 0.001
INFO:root:usb.read.len: 142
INFO:root:usb.read.raw:
0000   0x02 0x00 0x04 0x00 0xeb 0x00 0x80 0xa7    ........
0008   0x01 0x77 0x23 0x10 0xf1 0x00 0x00 0x00    .w#.....
0010   0x00 0x00 0x00 0x00 0x00 0x00 0x00 0x00    ........
0018   0x00 0x00 0x00 0x00 0x00 0x00 0x00 0x00    ........
0020   0x00 0x00 0x00 0x00 0x00 0x00 0x00 0x00    ........
0028   0x00 0x00 0x00 0x00 0x00 0x00 0x00 0x00    ........
0030   0x00 0x00 0x00 0x00 0x00 0x00 0x00 0x00    ........
0038   0x00 0x00 0x00 0x00 0x00 0x00 0x00 0x00    ........
0040   0x00 0x00 0x00 0x00 0x00 0x00 0x00 0x00    ........
0048   0x00 0x00 0x00 0x00 0x00 0x00 0x00 0x00    ........
0050   0x00 0x00 0x00 0x00 0x00 0x00 0x00 0x00    ........
0058   0x00 0x00 0x00 0x00 0x00 0x00 0x00 0x00    ........
0060   0x00 0x00 0x00 0x00 0x00 0x00 0x00 0x00    ........
0068   0x00 0x00 0x00 0x00 0x00 0x00 0x00 0x00    ........
0070   0x00 0x00 0x00 0x00 0x00 0x00 0x00 0x00    ........
0078   0x00 0x00 0x00 0x00 0x00 0x00 0x00 0x00    ........
0080   0x00 0x00 0x00 0x00 0x00 0x00 0x00 0x00    ........
0088   0x00 0x00 0x00 0x00 0x00 0x00              ......
INFO:stick:quit send_force_read, found len: 142 expected 142 after 0 attempts
INFO:stick:readData validating remote raw[ack]: 02
INFO:stick:readData; foreign raw should be at least 14 bytes? 142 True
INFO:stick:readData; raw[retries] 0
INFO:stick:ReadRadio:size:142:eod:found eod (False)
INFO:stick:found packet len(128), link expects(128)
WARNING:stick:bad zero CRC?
INFO:stick:PROCESS:END:1396.148:ReadRadio:size:142
INFO:stick:Stick transmit[TransmitPacket:ReadHistoryData:size[1024]:[page][0]:data[0]:] reader[ReadRadio:size:142] download_i[3] status[<LinkStatus:0x03:status:size=142:size(142)>] poll_size[142] poll_i[False] command[<ReadRadio:size:142>]:download(attempts[3],expect[142],results[384]:data[128]):adding segment
INFO:stick:Stick transmit[TransmitPacket:ReadHistoryData:size[1024]:[page][0]:data[0]:] reader[ReadRadio:size:142] download_i[3] status[<LinkStatus:0x03:status:size=142:size(142)>] poll_size[142] poll_i[False] command[<ReadRadio:size:142>]:download(attempts[3],expect[142],results[384]:data[128]):no eod, sleep .200 try again
DEBUG:stick:<Stick transmit[TransmitPacket:ReadHistoryData:size[1024]:[page][0]:data[0]:] reader[ReadRadio:size:142] download_i[3] status[<LinkStatus:0x03:status:size=142:size(142)>] poll_size[142] poll_i[False] command[<ReadRadio:size:142>]>:STARTING POLL PHASE:attempt:0
DEBUG:stick:<Stick transmit[TransmitPacket:ReadHistoryData:size[1024]:[page][0]:data[0]:] reader[ReadRadio:size:142] download_i[3] status[<LinkStatus:0x03:status:size=142:size(142)>] poll_size[0] poll_i[0] command[<ReadRadio:size:142>]>:poll:attempt:0
INFO:stick:PROCESS:START:1617.181:LinkStatus:0x03:status:size=64
INFO:stick:link Stick transmit[TransmitPacket:ReadHistoryData:size[1024]:[page][0]:data[0]:] reader[ReadRadio:size:142] download_i[3] status[<LinkStatus:0x03:status:size=142:size(142)>] poll_size[0] poll_i[0] command[<LinkStatus:0x03:status:size=64:size(64)>] processing LinkStatus:0x03:status:size=64)
INFO:stick:send_force_read: attempt 0/5 send command, read until we get something within some timeout
INFO:stick:link Stick transmit[TransmitPacket:ReadHistoryData:size[1024]:[page][0]:data[0]:] reader[ReadRadio:size:142] download_i[3] status[<LinkStatus:0x03:status:size=142:size(142)>] poll_size[0] poll_i[0] command[<LinkStatus:0x03:status:size=64:size(64)>] sending LinkStatus:0x03:status:size=64)
INFO:root:usb.write.len: 3
0000   0x03 0x00 0x00                             ...
DEBUG:stick:sleeping 0.001
INFO:root:usb.read.len: 64
INFO:root:usb.read.raw:
0000   0x01 0x55 0x00 0x00 0x02 0x01 0x00 0xce    .U......
0008   0x05 0x04 0x00 0x10 0xf1 0x00 0x00 0x00    ........
0010   0x00 0x00 0x00 0x00 0x00 0x00 0x00 0x00    ........
0018   0x00 0x00 0x00 0x00 0x00 0x00 0x00 0x00    ........
0020   0x00 0x00 0x00 0x00 0x00 0x00 0x00 0x00    ........
0028   0x00 0x00 0x00 0x00 0x00 0x00 0x00 0x00    ........
0030   0x00 0x00 0x00 0x00 0x00 0x00 0x00 0x00    ........
0038   0x00 0x00 0x00 0x00 0x00 0x00 0x00 0x00    ........
INFO:stick:quit send_force_read, found len: 64 expected 64 after 0 attempts
INFO:stick:LinkStatus:0x03:status:size=206

INFO:stick:finished processing LinkStatus:0x03:status:size=206, 206
INFO:stick:PROCESS:END:1661.313:LinkStatus:0x03:status:size=206
INFO:stick:Stick transmit[TransmitPacket:ReadHistoryData:size[1024]:[page][0]:data[0]:] reader[ReadRadio:size:142] download_i[3] status[<LinkStatus:0x03:status:size=206:size(206)>] poll_size[206] poll_i[0] command[<LinkStatus:0x03:status:size=206:size(206)>]:STOP POLL after 1 attempts:size:206
INFO:stick:Stick transmit[TransmitPacket:ReadHistoryData:size[1024]:[page][0]:data[0]:] reader[ReadRadio:size:142] download_i[4] status[<LinkStatus:0x03:status:size=206:size(206)>] poll_size[206] poll_i[False] command[<LinkStatus:0x03:status:size=206:size(206)>]:download(attempts[4],expect[206],results[384]:data[0]):proceed to download packet
INFO:stick:Stick transmit[TransmitPacket:ReadHistoryData:size[1024]:[page][0]:data[0]:] reader[ReadRadio:size:142] download_i[4] status[<LinkStatus:0x03:status:size=206:size(206)>] poll_size[206] poll_i[False] command[<LinkStatus:0x03:status:size=206:size(206)>]:download_packet:206
INFO:stick:PROCESS:START:1679.05:ReadRadio:size:206
INFO:stick:send_force_read: attempt 0/5 send command, read until we get something within some timeout
INFO:stick:link Stick transmit[TransmitPacket:ReadHistoryData:size[1024]:[page][0]:data[0]:] reader[ReadRadio:size:206] download_i[4] status[<LinkStatus:0x03:status:size=206:size(206)>] poll_size[206] poll_i[False] command[<ReadRadio:size:206>] sending ReadRadio:size:206)
INFO:root:usb.write.len: 5
0000   0x0c 0x00 0x00 0xce 0x9e                   .....
DEBUG:stick:sleeping 0.001
INFO:root:usb.read.len: 206
INFO:root:usb.read.raw:
0000   0x02 0x00 0x04 0x00 0xeb 0x00 0xc0 0xa7    ........
0008   0x01 0x77 0x23 0x10 0x09 0x00 0x00 0x00    .w#.....
0010   0x00 0x00 0x00 0x00 0x00 0x00 0x00 0x00    ........
0018   0x00 0x00 0x00 0x00 0x00 0x00 0x00 0x00    ........
0020   0x00 0x00 0x00 0x00 0x00 0x00 0x00 0x00    ........
0028   0x00 0x00 0x00 0x00 0x00 0x00 0x00 0x00    ........
0030   0x00 0x00 0x00 0x00 0x00 0x00 0x00 0x00    ........
0038   0x00 0x00 0x00 0x00 0x00 0x00 0x00 0x00    ........
0040   0x00 0x00 0x00 0x00 0x00 0x00 0x00 0x00    ........
0048   0x00 0x00 0x00 0x00 0x00 0x00 0x00 0x00    ........
0050   0x00 0x00 0x00 0x00 0x00 0x00 0x00 0x00    ........
0058   0x00 0x00 0x00 0x00 0x00 0x00 0x00 0x00    ........
0060   0x00 0x00 0x00 0x00 0x00 0x00 0x00 0x00    ........
0068   0x00 0x00 0x00 0x00 0x00 0x00 0x00 0x00    ........
0070   0x00 0x00 0x00 0x00 0x00 0x00 0x00 0x00    ........
0078   0x00 0x00 0x00 0x00 0x00 0x00 0x00 0x00    ........
0080   0x00 0x00 0x00 0x00 0x00 0x00 0x00 0x00    ........
0088   0x00 0x00 0x00 0x00 0x00 0x00 0x00 0x00    ........
0090   0x00 0x00 0x00 0x00 0x00 0x00 0x00 0x00    ........
0098   0x00 0x00 0x00 0x00 0x00 0x00 0x00 0x00    ........
00A0   0x00 0x00 0x00 0x00 0x00 0x00 0x00 0x00    ........
00A8   0x00 0x00 0x00 0x00 0x00 0x00 0x00 0x00    ........
00B0   0x00 0x00 0x00 0x00 0x00 0x00 0x00 0x00    ........
00B8   0x00 0x00 0x00 0x00 0x00 0x00 0x00 0x00    ........
00C0   0x00 0x00 0x00 0x00 0x00 0x00 0x00 0x00    ........
00C8   0x00 0x00 0x00 0x00 0x00 0x00              ......
INFO:stick:quit send_force_read, found len: 206 expected 206 after 0 attempts
INFO:stick:readData validating remote raw[ack]: 02
INFO:stick:readData; foreign raw should be at least 14 bytes? 206 True
INFO:stick:readData; raw[retries] 0
INFO:stick:ReadRadio:size:206:eod:found eod (False)
INFO:stick:found packet len(192), link expects(192)
WARNING:stick:bad zero CRC?
INFO:stick:PROCESS:END:1751.76:ReadRadio:size:206
INFO:stick:Stick transmit[TransmitPacket:ReadHistoryData:size[1024]:[page][0]:data[0]:] reader[ReadRadio:size:206] download_i[4] status[<LinkStatus:0x03:status:size=206:size(206)>] poll_size[206] poll_i[False] command[<ReadRadio:size:206>]:download(attempts[4],expect[206],results[576]:data[192]):adding segment
INFO:stick:Stick transmit[TransmitPacket:ReadHistoryData:size[1024]:[page][0]:data[0]:] reader[ReadRadio:size:206] download_i[4] status[<LinkStatus:0x03:status:size=206:size(206)>] poll_size[206] poll_i[False] command[<ReadRadio:size:206>]:download(attempts[4],expect[206],results[576]:data[192]):no eod, sleep .200 try again
DEBUG:stick:<Stick transmit[TransmitPacket:ReadHistoryData:size[1024]:[page][0]:data[0]:] reader[ReadRadio:size:206] download_i[4] status[<LinkStatus:0x03:status:size=206:size(206)>] poll_size[206] poll_i[False] command[<ReadRadio:size:206>]>:STARTING POLL PHASE:attempt:0
DEBUG:stick:<Stick transmit[TransmitPacket:ReadHistoryData:size[1024]:[page][0]:data[0]:] reader[ReadRadio:size:206] download_i[4] status[<LinkStatus:0x03:status:size=206:size(206)>] poll_size[0] poll_i[0] command[<ReadRadio:size:206>]>:poll:attempt:0
INFO:stick:PROCESS:START:1975.312:LinkStatus:0x03:status:size=64
INFO:stick:link Stick transmit[TransmitPacket:ReadHistoryData:size[1024]:[page][0]:data[0]:] reader[ReadRadio:size:206] download_i[4] status[<LinkStatus:0x03:status:size=206:size(206)>] poll_size[0] poll_i[0] command[<LinkStatus:0x03:status:size=64:size(64)>] processing LinkStatus:0x03:status:size=64)
INFO:stick:send_force_read: attempt 0/5 send command, read until we get something within some timeout
INFO:stick:link Stick transmit[TransmitPacket:ReadHistoryData:size[1024]:[page][0]:data[0]:] reader[ReadRadio:size:206] download_i[4] status[<LinkStatus:0x03:status:size=206:size(206)>] poll_size[0] poll_i[0] command[<LinkStatus:0x03:status:size=64:size(64)>] sending LinkStatus:0x03:status:size=64)
INFO:root:usb.write.len: 3
0000   0x03 0x00 0x00                             ...
DEBUG:stick:sleeping 0.001
INFO:root:usb.read.len: 64
INFO:root:usb.read.raw:
0000   0x01 0x55 0x00 0x00 0x02 0x01 0x00 0xce    .U......
0008   0x05 0x04 0x00 0x10 0x09 0x00 0x00 0x00    ........
0010   0x00 0x00 0x00 0x00 0x00 0x00 0x00 0x00    ........
0018   0x00 0x00 0x00 0x00 0x00 0x00 0x00 0x00    ........
0020   0x00 0x00 0x00 0x00 0x00 0x00 0x00 0x00    ........
0028   0x00 0x00 0x00 0x00 0x00 0x00 0x00 0x00    ........
0030   0x00 0x00 0x00 0x00 0x00 0x00 0x00 0x00    ........
0038   0x00 0x00 0x00 0x00 0x00 0x00 0x00 0x00    ........
INFO:stick:quit send_force_read, found len: 64 expected 64 after 0 attempts
INFO:stick:LinkStatus:0x03:status:size=206

INFO:stick:finished processing LinkStatus:0x03:status:size=206, 206
INFO:stick:PROCESS:END:2029.336:LinkStatus:0x03:status:size=206
INFO:stick:Stick transmit[TransmitPacket:ReadHistoryData:size[1024]:[page][0]:data[0]:] reader[ReadRadio:size:206] download_i[4] status[<LinkStatus:0x03:status:size=206:size(206)>] poll_size[206] poll_i[0] command[<LinkStatus:0x03:status:size=206:size(206)>]:STOP POLL after 1 attempts:size:206
INFO:stick:Stick transmit[TransmitPacket:ReadHistoryData:size[1024]:[page][0]:data[0]:] reader[ReadRadio:size:206] download_i[5] status[<LinkStatus:0x03:status:size=206:size(206)>] poll_size[206] poll_i[False] command[<LinkStatus:0x03:status:size=206:size(206)>]:download(attempts[5],expect[206],results[576]:data[0]):proceed to download packet
INFO:stick:Stick transmit[TransmitPacket:ReadHistoryData:size[1024]:[page][0]:data[0]:] reader[ReadRadio:size:206] download_i[5] status[<LinkStatus:0x03:status:size=206:size(206)>] poll_size[206] poll_i[False] command[<LinkStatus:0x03:status:size=206:size(206)>]:download_packet:206
INFO:stick:PROCESS:START:2046.979:ReadRadio:size:206
INFO:stick:send_force_read: attempt 0/5 send command, read until we get something within some timeout
INFO:stick:link Stick transmit[TransmitPacket:ReadHistoryData:size[1024]:[page][0]:data[0]:] reader[ReadRadio:size:206] download_i[5] status[<LinkStatus:0x03:status:size=206:size(206)>] poll_size[206] poll_i[False] command[<ReadRadio:size:206>] sending ReadRadio:size:206)
INFO:root:usb.write.len: 5
0000   0x0c 0x00 0x00 0xce 0x9e                   .....
DEBUG:stick:sleeping 0.001
INFO:root:usb.read.len: 206
INFO:root:usb.read.raw:
0000   0x02 0x00 0x04 0x00 0xeb 0x00 0xc0 0xa7    ........
0008   0x01 0x77 0x23 0x10 0x09 0x00 0x00 0x00    .w#.....
0010   0x00 0x00 0x00 0x00 0x00 0x00 0x00 0x00    ........
0018   0x00 0x00 0x00 0x00 0x00 0x00 0x00 0x00    ........
0020   0x00 0x00 0x00 0x00 0x00 0x00 0x00 0x00    ........
0028   0x00 0x00 0x00 0x00 0x00 0x00 0x00 0x00    ........
0030   0x00 0x00 0x00 0x00 0x00 0x00 0x00 0x00    ........
0038   0x00 0x00 0x00 0x00 0x00 0x00 0x00 0x00    ........
0040   0x00 0x00 0x00 0x00 0x00 0x00 0x00 0x00    ........
0048   0x00 0x00 0x00 0x00 0x00 0x00 0x00 0x00    ........
0050   0x00 0x00 0x00 0x00 0x00 0x00 0x00 0x00    ........
0058   0x00 0x00 0x00 0x00 0x00 0x00 0x00 0x00    ........
0060   0x00 0x00 0x00 0x00 0x00 0x00 0x00 0x00    ........
0068   0x00 0x00 0x00 0x00 0x00 0x00 0x00 0x00    ........
0070   0x00 0x00 0x00 0x00 0x00 0x00 0x00 0x00    ........
0078   0x00 0x00 0x00 0x00 0x00 0x00 0x00 0x00    ........
0080   0x00 0x00 0x00 0x00 0x00 0x00 0x00 0x00    ........
0088   0x00 0x00 0x00 0x00 0x00 0x00 0x00 0x00    ........
0090   0x00 0x00 0x00 0x00 0x00 0x00 0x00 0x00    ........
0098   0x00 0x00 0x00 0x00 0x00 0x00 0x00 0x00    ........
00A0   0x00 0x00 0x00 0x00 0x00 0x00 0x00 0x00    ........
00A8   0x00 0x00 0x00 0x00 0x00 0x00 0x00 0x00    ........
00B0   0x00 0x00 0x00 0x00 0x00 0x00 0x00 0x00    ........
00B8   0x00 0x00 0x00 0x00 0x00 0x00 0x00 0x00    ........
00C0   0x00 0x00 0x00 0x00 0x00 0x00 0x00 0x00    ........
00C8   0x00 0x00 0x00 0x00 0x00 0x00              ......
INFO:stick:quit send_force_read, found len: 206 expected 206 after 0 attempts
INFO:stick:readData validating remote raw[ack]: 02
INFO:stick:readData; foreign raw should be at least 14 bytes? 206 True
INFO:stick:readData; raw[retries] 0
INFO:stick:ReadRadio:size:206:eod:found eod (False)
INFO:stick:found packet len(192), link expects(192)
WARNING:stick:bad zero CRC?
INFO:stick:PROCESS:END:2105.382:ReadRadio:size:206
INFO:stick:Stick transmit[TransmitPacket:ReadHistoryData:size[1024]:[page][0]:data[0]:] reader[ReadRadio:size:206] download_i[5] status[<LinkStatus:0x03:status:size=206:size(206)>] poll_size[206] poll_i[False] command[<ReadRadio:size:206>]:download(attempts[5],expect[206],results[768]:data[192]):adding segment
INFO:stick:Stick transmit[TransmitPacket:ReadHistoryData:size[1024]:[page][0]:data[0]:] reader[ReadRadio:size:206] download_i[5] status[<LinkStatus:0x03:status:size=206:size(206)>] poll_size[206] poll_i[False] command[<ReadRadio:size:206>]:download(attempts[5],expect[206],results[768]:data[192]):no eod, sleep .200 try again
DEBUG:stick:<Stick transmit[TransmitPacket:ReadHistoryData:size[1024]:[page][0]:data[0]:] reader[ReadRadio:size:206] download_i[5] status[<LinkStatus:0x03:status:size=206:size(206)>] poll_size[206] poll_i[False] command[<ReadRadio:size:206>]>:STARTING POLL PHASE:attempt:0
DEBUG:stick:<Stick transmit[TransmitPacket:ReadHistoryData:size[1024]:[page][0]:data[0]:] reader[ReadRadio:size:206] download_i[5] status[<LinkStatus:0x03:status:size=206:size(206)>] poll_size[0] poll_i[0] command[<ReadRadio:size:206>]>:poll:attempt:0
INFO:stick:PROCESS:START:2326.457:LinkStatus:0x03:status:size=64
INFO:stick:link Stick transmit[TransmitPacket:ReadHistoryData:size[1024]:[page][0]:data[0]:] reader[ReadRadio:size:206] download_i[5] status[<LinkStatus:0x03:status:size=206:size(206)>] poll_size[0] poll_i[0] command[<LinkStatus:0x03:status:size=64:size(64)>] processing LinkStatus:0x03:status:size=64)
INFO:stick:send_force_read: attempt 0/5 send command, read until we get something within some timeout
INFO:stick:link Stick transmit[TransmitPacket:ReadHistoryData:size[1024]:[page][0]:data[0]:] reader[ReadRadio:size:206] download_i[5] status[<LinkStatus:0x03:status:size=206:size(206)>] poll_size[0] poll_i[0] command[<LinkStatus:0x03:status:size=64:size(64)>] sending LinkStatus:0x03:status:size=64)
INFO:root:usb.write.len: 3
0000   0x03 0x00 0x00                             ...
DEBUG:stick:sleeping 0.001
INFO:root:usb.read.len: 64
INFO:root:usb.read.raw:
0000   0x01 0x55 0x00 0x00 0x02 0x01 0x00 0x8e    .U......
0008   0x05 0x04 0x00 0x10 0x09 0x00 0x00 0x00    ........
0010   0x00 0x00 0x00 0x00 0x00 0x00 0x00 0x00    ........
0018   0x00 0x00 0x00 0x00 0x00 0x00 0x00 0x00    ........
0020   0x00 0x00 0x00 0x00 0x00 0x00 0x00 0x00    ........
0028   0x00 0x00 0x00 0x00 0x00 0x00 0x00 0x00    ........
0030   0x00 0x00 0x00 0x00 0x00 0x00 0x00 0x00    ........
0038   0x00 0x00 0x00 0x00 0x00 0x00 0x00 0x00    ........
INFO:stick:quit send_force_read, found len: 64 expected 64 after 0 attempts
INFO:stick:LinkStatus:0x03:status:size=142

INFO:stick:finished processing LinkStatus:0x03:status:size=142, 142
INFO:stick:PROCESS:END:2372.367:LinkStatus:0x03:status:size=142
INFO:stick:Stick transmit[TransmitPacket:ReadHistoryData:size[1024]:[page][0]:data[0]:] reader[ReadRadio:size:206] download_i[5] status[<LinkStatus:0x03:status:size=142:size(142)>] poll_size[142] poll_i[0] command[<LinkStatus:0x03:status:size=142:size(142)>]:STOP POLL after 1 attempts:size:142
INFO:stick:Stick transmit[TransmitPacket:ReadHistoryData:size[1024]:[page][0]:data[0]:] reader[ReadRadio:size:206] download_i[6] status[<LinkStatus:0x03:status:size=142:size(142)>] poll_size[142] poll_i[False] command[<LinkStatus:0x03:status:size=142:size(142)>]:download(attempts[6],expect[142],results[768]:data[0]):proceed to download packet
INFO:stick:Stick transmit[TransmitPacket:ReadHistoryData:size[1024]:[page][0]:data[0]:] reader[ReadRadio:size:206] download_i[6] status[<LinkStatus:0x03:status:size=142:size(142)>] poll_size[142] poll_i[False] command[<LinkStatus:0x03:status:size=142:size(142)>]:download_packet:142
INFO:stick:PROCESS:START:2390.099:ReadRadio:size:142
INFO:stick:send_force_read: attempt 0/5 send command, read until we get something within some timeout
INFO:stick:link Stick transmit[TransmitPacket:ReadHistoryData:size[1024]:[page][0]:data[0]:] reader[ReadRadio:size:142] download_i[6] status[<LinkStatus:0x03:status:size=142:size(142)>] poll_size[142] poll_i[False] command[<ReadRadio:size:142>] sending ReadRadio:size:142)
INFO:root:usb.write.len: 5
0000   0x0c 0x00 0x00 0x8e 0x56                   ....V
DEBUG:stick:sleeping 0.001
INFO:root:usb.read.len: 142
INFO:root:usb.read.raw:
0000   0x02 0x00 0x04 0x00 0xeb 0x00 0x80 0xa7    ........
0008   0x01 0x77 0x23 0x10 0xf1 0x00 0x00 0x00    .w#.....
0010   0x00 0x00 0x00 0x00 0x00 0x00 0x00 0x00    ........
0018   0x00 0x00 0x00 0x00 0x00 0x00 0x00 0x00    ........
0020   0x00 0x00 0x00 0x00 0x00 0x00 0x00 0x00    ........
0028   0x00 0x00 0x00 0x00 0x00 0x00 0x00 0x00    ........
0030   0x00 0x00 0x00 0x00 0x00 0x00 0x00 0x00    ........
0038   0x00 0x00 0x00 0x00 0x00 0x00 0x00 0x00    ........
0040   0x00 0x00 0x00 0x00 0x00 0x00 0x00 0x00    ........
0048   0x00 0x00 0x00 0x00 0x00 0x00 0x00 0x00    ........
0050   0x00 0x00 0x00 0x00 0x00 0x00 0x00 0x00    ........
0058   0x00 0x00 0x00 0x00 0x00 0x00 0x00 0x00    ........
0060   0x00 0x00 0x00 0x00 0x00 0x00 0x00 0x00    ........
0068   0x00 0x00 0x00 0x00 0x00 0x00 0x00 0x00    ........
0070   0x00 0x00 0x00 0x00 0x00 0x00 0x00 0x00    ........
0078   0x00 0x00 0x00 0x00 0x00 0x00 0x00 0x00    ........
0080   0x00 0x00 0x00 0x00 0x00 0x00 0x00 0x00    ........
0088   0x00 0x00 0x00 0x00 0x00 0x00              ......
INFO:stick:quit send_force_read, found len: 142 expected 142 after 0 attempts
INFO:stick:readData validating remote raw[ack]: 02
INFO:stick:readData; foreign raw should be at least 14 bytes? 142 True
INFO:stick:readData; raw[retries] 0
INFO:stick:ReadRadio:size:142:eod:found eod (False)
INFO:stick:found packet len(128), link expects(128)
WARNING:stick:bad zero CRC?
INFO:stick:PROCESS:END:2445.705:ReadRadio:size:142
INFO:stick:Stick transmit[TransmitPacket:ReadHistoryData:size[1024]:[page][0]:data[0]:] reader[ReadRadio:size:142] download_i[6] status[<LinkStatus:0x03:status:size=142:size(142)>] poll_size[142] poll_i[False] command[<ReadRadio:size:142>]:download(attempts[6],expect[142],results[896]:data[128]):adding segment
INFO:stick:Stick transmit[TransmitPacket:ReadHistoryData:size[1024]:[page][0]:data[0]:] reader[ReadRadio:size:142] download_i[6] status[<LinkStatus:0x03:status:size=142:size(142)>] poll_size[142] poll_i[False] command[<ReadRadio:size:142>]:download(attempts[6],expect[142],results[896]:data[128]):no eod, sleep .200 try again
DEBUG:stick:<Stick transmit[TransmitPacket:ReadHistoryData:size[1024]:[page][0]:data[0]:] reader[ReadRadio:size:142] download_i[6] status[<LinkStatus:0x03:status:size=142:size(142)>] poll_size[142] poll_i[False] command[<ReadRadio:size:142>]>:STARTING POLL PHASE:attempt:0
DEBUG:stick:<Stick transmit[TransmitPacket:ReadHistoryData:size[1024]:[page][0]:data[0]:] reader[ReadRadio:size:142] download_i[6] status[<LinkStatus:0x03:status:size=142:size(142)>] poll_size[0] poll_i[0] command[<ReadRadio:size:142>]>:poll:attempt:0
INFO:stick:PROCESS:START:2666.917:LinkStatus:0x03:status:size=64
INFO:stick:link Stick transmit[TransmitPacket:ReadHistoryData:size[1024]:[page][0]:data[0]:] reader[ReadRadio:size:142] download_i[6] status[<LinkStatus:0x03:status:size=142:size(142)>] poll_size[0] poll_i[0] command[<LinkStatus:0x03:status:size=64:size(64)>] processing LinkStatus:0x03:status:size=64)
INFO:stick:send_force_read: attempt 0/5 send command, read until we get something within some timeout
INFO:stick:link Stick transmit[TransmitPacket:ReadHistoryData:size[1024]:[page][0]:data[0]:] reader[ReadRadio:size:142] download_i[6] status[<LinkStatus:0x03:status:size=142:size(142)>] poll_size[0] poll_i[0] command[<LinkStatus:0x03:status:size=64:size(64)>] sending LinkStatus:0x03:status:size=64)
INFO:root:usb.write.len: 3
0000   0x03 0x00 0x00                             ...
DEBUG:stick:sleeping 0.001
INFO:root:usb.read.len: 64
INFO:root:usb.read.raw:
0000   0x01 0x55 0x00 0x00 0x02 0x01 0x00 0x8e    .U......
0008   0x05 0x04 0x00 0x10 0xf1 0x00 0x00 0x00    ........
0010   0x00 0x00 0x00 0x00 0x00 0x00 0x00 0x00    ........
0018   0x00 0x00 0x00 0x00 0x00 0x00 0x00 0x00    ........
0020   0x00 0x00 0x00 0x00 0x00 0x00 0x00 0x00    ........
0028   0x00 0x00 0x00 0x00 0x00 0x00 0x00 0x00    ........
0030   0x00 0x00 0x00 0x00 0x00 0x00 0x00 0x00    ........
0038   0x00 0x00 0x00 0x00 0x00 0x00 0x00 0x00    ........
INFO:stick:quit send_force_read, found len: 64 expected 64 after 0 attempts
INFO:stick:LinkStatus:0x03:status:size=142

INFO:stick:finished processing LinkStatus:0x03:status:size=142, 142
INFO:stick:PROCESS:END:2710.636:LinkStatus:0x03:status:size=142
INFO:stick:Stick transmit[TransmitPacket:ReadHistoryData:size[1024]:[page][0]:data[0]:] reader[ReadRadio:size:142] download_i[6] status[<LinkStatus:0x03:status:size=142:size(142)>] poll_size[142] poll_i[0] command[<LinkStatus:0x03:status:size=142:size(142)>]:STOP POLL after 1 attempts:size:142
INFO:stick:Stick transmit[TransmitPacket:ReadHistoryData:size[1024]:[page][0]:data[0]:] reader[ReadRadio:size:142] download_i[7] status[<LinkStatus:0x03:status:size=142:size(142)>] poll_size[142] poll_i[False] command[<LinkStatus:0x03:status:size=142:size(142)>]:download(attempts[7],expect[142],results[896]:data[0]):proceed to download packet
INFO:stick:Stick transmit[TransmitPacket:ReadHistoryData:size[1024]:[page][0]:data[0]:] reader[ReadRadio:size:142] download_i[7] status[<LinkStatus:0x03:status:size=142:size(142)>] poll_size[142] poll_i[False] command[<LinkStatus:0x03:status:size=142:size(142)>]:download_packet:142
INFO:stick:PROCESS:START:2728.32:ReadRadio:size:142
INFO:stick:send_force_read: attempt 0/5 send command, read until we get something within some timeout
INFO:stick:link Stick transmit[TransmitPacket:ReadHistoryData:size[1024]:[page][0]:data[0]:] reader[ReadRadio:size:142] download_i[7] status[<LinkStatus:0x03:status:size=142:size(142)>] poll_size[142] poll_i[False] command[<ReadRadio:size:142>] sending ReadRadio:size:142)
INFO:root:usb.write.len: 5
0000   0x0c 0x00 0x00 0x8e 0x56                   ....V
DEBUG:stick:sleeping 0.001
INFO:root:usb.read.len: 142
INFO:root:usb.read.raw:
0000   0x02 0x00 0x04 0x00 0xeb 0x80 0x80 0xa7    ........
0008   0x01 0x77 0x23 0x10 0x72 0x00 0x00 0x00    .w#.r...
0010   0x00 0x00 0x00 0x00 0x00 0x00 0x00 0x00    ........
0018   0x00 0x00 0x00 0x00 0x00 0x00 0x00 0x00    ........
0020   0x00 0x00 0x00 0x00 0x00 0x00 0x00 0x00    ........
0028   0x00 0x00 0x00 0x00 0x00 0x00 0x00 0x00    ........
0030   0x00 0x00 0x00 0x00 0x00 0x00 0x00 0x00    ........
0038   0x00 0x00 0x00 0x00 0x00 0x00 0x00 0x00    ........
0040   0x00 0x00 0x00 0x00 0x00 0x00 0x00 0x00    ........
0048   0x00 0x00 0x00 0x00 0x00 0x00 0x00 0x00    ........
0050   0x00 0x00 0x00 0x00 0x00 0x00 0x00 0x00    ........
0058   0x00 0x00 0x00 0x00 0x00 0x00 0x00 0x00    ........
0060   0x00 0x00 0x00 0x00 0x00 0x00 0x00 0x00    ........
0068   0x00 0x00 0x00 0x00 0x00 0x00 0x00 0x00    ........
0070   0x00 0x00 0x00 0x00 0x00 0x00 0x00 0x00    ........
0078   0x00 0x00 0x00 0x00 0x00 0x00 0x00 0x00    ........
0080   0x00 0x00 0x00 0x00 0x00 0x00 0x00 0x00    ........
0088   0x00 0x00 0x00 0xc3 0x2c 0x73              ....,s
INFO:stick:quit send_force_read, found len: 142 expected 142 after 0 attempts
INFO:stick:readData validating remote raw[ack]: 02
INFO:stick:readData; foreign raw should be at least 14 bytes? 142 True
INFO:stick:readData; raw[retries] 0
INFO:stick:ReadRadio:size:142:eod:found eod (True)
INFO:stick:found packet len(128), link expects(128)
INFO:stick:PROCESS:END:2782.077:ReadRadio:size:142
INFO:stick:Stick transmit[TransmitPacket:ReadHistoryData:size[1024]:[page][0]:data[0]:] reader[ReadRadio:size:142] download_i[7] status[<LinkStatus:0x03:status:size=142:size(142)>] poll_size[142] poll_i[False] command[<ReadRadio:size:142>]:download(attempts[7],expect[142],results[1024]:data[128]):adding segment
INFO:stick:Stick transmit[TransmitPacket:ReadHistoryData:size[1024]:[page][0]:data[0]:] reader[ReadRadio:size:142] download_i[7] status[<LinkStatus:0x03:status:size=142:size(142)>] poll_size[142] poll_i[False] command[<ReadRadio:size:142>]:download(attempts[7],expect[142],results[1024]:data[128]):DONE
INFO:commands:ReadHistoryData:size[1024]:[page][0]:data[0]: extending original 0 with found 1024
INFO:commands:ReadHistoryData:size[1024]:[page][0]:data[0]: download respond replace original 0 with found 1024
INFO:session:finished executing:ReadHistoryData:size[1024]:[page][0]:data[1024]:
INFO:commands:ReadHistoryData:size[1024]:[page][0]:data[1024]::download:done size check found[1024] expected[1024]:CRC ACK check found[44] expected[59]:and has eod set? False
Traceback (most recent call last):
  File "decocare/download.py", line 84, in <module>
    downloader.download( )
  File "decocare/download.py", line 25, in download
    log.info('comm:READ history data page!!!:\n%s' % (lib.hexdump(comm.getData( ))))
  File "/home/pi/diabetes/decoding-carelink/decocare/lib.py", line 117, in hexdump
    hexa = ' '.join( [ '%#04x' %  x for x in list( s ) ] )
TypeError: %x format: a number is required, not str
Command exited with non-zero status 1
python decocare/download.py /dev/ttyUSB0 772310
	elapsed 0:05.17
	user 2.14
	system 0.24
	CPU 45% (0text+0data 7724max)k
