INFO:__main__:howdy! I'm going to take a look at your pump.
INFO:link:Link opened serial port: Serial<id=0x1a4d1b0, open=True>(port='/dev/ttyUSB0', baudrate=9600, bytesize=8, parity='N', stopbits=1, timeout=0.2, xonxoff=False, rtscts=False, dsrdtr=False)
INFO:stick:PROCESS:OPEN:0.197
INFO:stick:PROCESS:START:2.943:ProductInfo:0x04
INFO:stick:link Stick transmit[None] reader[None] download_i[False] status[None] poll_size[None] poll_i[None] command[<ProductInfo:0x04:size(64)>] processing ProductInfo:0x04)
INFO:stick:send_force_read: attempt 0/5 send command, read until we get something within some timeout
INFO:stick:link Stick transmit[None] reader[None] download_i[False] status[None] poll_size[None] poll_i[None] command[<ProductInfo:0x04:size(64)>] sending ProductInfo:0x04)
INFO:root:usb.write.len: 3
0000   0x04 0x00 0x00                             ...
DEBUG:stick:sleeping 0.001
INFO:root:usb.read.len: 0
INFO:root:usb.read.raw:

INFO:stick:zero length READ, try once more sleep .250
INFO:root:usb.read.len: 64
INFO:root:usb.read.raw:
0000   0x01 0x55 0x00 0x0a 0x1a 0x00 0x00 0x00    .U......
0008   0x00 0x43 0x6f 0x6d 0x4c 0x69 0x6e 0x6b    .ComLink
0010   0x20 0x49 0x49 0x01 0x10 0x02 0x00 0x01     II.....
0018   0x01 0x03 0x00 0x00 0x00 0x00 0x00 0x00    ........
0020   0x00 0x00 0x00 0x00 0x00 0x00 0x00 0x00    ........
0028   0x00 0x00 0x00 0x00 0x00 0x00 0x00 0x00    ........
0030   0x00 0x00 0x00 0x00 0x00 0x00 0x00 0x00    ........
0038   0x00 0x00 0x00 0x00 0x00 0x00 0x00 0x00    ........
INFO:stick:quit send_force_read, found len: 64 expected 64 after 0 attempts
INFO:stick:finished processing ProductInfo:0x04, {'description': 'ComLink II', 'software.version': '1.16', 'interfaces': [(0, 'Paradigm RF'), (1, 'USB')], 'product.version': '0.0', 'rf.freq': '916.5Mhz', 'serial': '0a1a00'}
INFO:stick:PROCESS:END:500.902:ProductInfo:0x04
INFO:stick:{'description': 'ComLink II', 'software.version': '1.16', 'interfaces': [(0, 'Paradigm RF'), (1, 'USB')], 'product.version': '0.0', 'rf.freq': '916.5Mhz', 'serial': '0a1a00'}
INFO:stick:PROCESS:START:507.294:ProductInfo:0x04
INFO:stick:link Stick transmit[None] reader[None] download_i[False] status[None] poll_size[None] poll_i[None] command[<ProductInfo:0x04:size(64)>] processing ProductInfo:0x04)
INFO:stick:send_force_read: attempt 0/5 send command, read until we get something within some timeout
INFO:stick:link Stick transmit[None] reader[None] download_i[False] status[None] poll_size[None] poll_i[None] command[<ProductInfo:0x04:size(64)>] sending ProductInfo:0x04)
INFO:root:usb.write.len: 3
0000   0x04 0x00 0x00                             ...
DEBUG:stick:sleeping 0.001
INFO:root:usb.read.len: 64
INFO:root:usb.read.raw:
0000   0x01 0x55 0x00 0x0a 0x1a 0x00 0x00 0x00    .U......
0008   0x00 0x43 0x6f 0x6d 0x4c 0x69 0x6e 0x6b    .ComLink
0010   0x20 0x49 0x49 0x01 0x10 0x02 0x00 0x01     II.....
0018   0x01 0x03 0x00 0x00 0x00 0x00 0x00 0x00    ........
0020   0x00 0x00 0x00 0x00 0x00 0x00 0x00 0x00    ........
0028   0x00 0x00 0x00 0x00 0x00 0x00 0x00 0x00    ........
0030   0x00 0x00 0x00 0x00 0x00 0x00 0x00 0x00    ........
0038   0x00 0x00 0x00 0x00 0x00 0x00 0x00 0x00    ........
INFO:stick:quit send_force_read, found len: 64 expected 64 after 0 attempts
INFO:stick:finished processing ProductInfo:0x04, {'description': 'ComLink II', 'software.version': '1.16', 'interfaces': [(0, 'Paradigm RF'), (1, 'USB')], 'product.version': '0.0', 'rf.freq': '916.5Mhz', 'serial': '0a1a00'}
INFO:stick:PROCESS:END:540.602:ProductInfo:0x04
INFO:stick:{'description': 'ComLink II', 'software.version': '1.16', 'interfaces': [(0, 'Paradigm RF'), (1, 'USB')], 'product.version': '0.0', 'rf.freq': '916.5Mhz', 'serial': '0a1a00'}
INFO:stick:get signal strength of Stick transmit[None] reader[None] download_i[False] status[None] poll_size[None] poll_i[None] command[<ProductInfo:0x04:size(64)>]
INFO:stick:PROCESS:START:549.625:SignalStrength:0x06 0x00
INFO:stick:link Stick transmit[None] reader[None] download_i[False] status[None] poll_size[None] poll_i[None] command[<SignalStrength:0x06 0x00:size(64)>] processing SignalStrength:0x06 0x00)
INFO:stick:send_force_read: attempt 0/5 send command, read until we get something within some timeout
INFO:stick:link Stick transmit[None] reader[None] download_i[False] status[None] poll_size[None] poll_i[None] command[<SignalStrength:0x06 0x00:size(64)>] sending SignalStrength:0x06 0x00)
INFO:root:usb.write.len: 3
0000   0x06 0x00 0x00                             ...
DEBUG:stick:sleeping 0.001
INFO:root:usb.read.len: 64
INFO:root:usb.read.raw:
0000   0x01 0x55 0x00 0x9f 0x1a 0x00 0x00 0x00    .U......
0008   0x00 0x43 0x6f 0x6d 0x4c 0x69 0x6e 0x6b    .ComLink
0010   0x20 0x49 0x49 0x01 0x10 0x02 0x00 0x01     II.....
0018   0x01 0x03 0x00 0x00 0x00 0x00 0x00 0x00    ........
0020   0x00 0x00 0x00 0x00 0x00 0x00 0x00 0x00    ........
0028   0x00 0x00 0x00 0x00 0x00 0x00 0x00 0x00    ........
0030   0x00 0x00 0x00 0x00 0x00 0x00 0x00 0x00    ........
0038   0x00 0x00 0x00 0x00 0x00 0x00 0x00 0x00    ........
INFO:stick:quit send_force_read, found len: 64 expected 64 after 0 attempts
INFO:stick:<SignalStrength:0x06 0x00:size(64)>:readSignalStrength:159
INFO:stick:finished processing SignalStrength:0x06 0x00, 159
INFO:stick:PROCESS:END:590.947:SignalStrength:0x06 0x00
INFO:stick:we seem to have found a nice signal strength of: 159
INFO:__main__:setting up to talk with 772310
INFO:stick:PROCESS:START:601.084:UsbStats:0x05 0x01
INFO:stick:link Stick transmit[None] reader[None] download_i[False] status[None] poll_size[None] poll_i[None] command[<UsbStats:0x05 0x01:size(64)>] processing UsbStats:0x05 0x01)
INFO:stick:send_force_read: attempt 0/5 send command, read until we get something within some timeout
INFO:stick:link Stick transmit[None] reader[None] download_i[False] status[None] poll_size[None] poll_i[None] command[<UsbStats:0x05 0x01:size(64)>] sending UsbStats:0x05 0x01)
INFO:root:usb.write.len: 3
0000   0x05 0x01 0x00                             ...
DEBUG:stick:sleeping 0.001
INFO:root:usb.read.len: 64
INFO:root:usb.read.raw:
0000   0x01 0x55 0x00 0x00 0x00 0x00 0x01 0x00    .U......
0008   0x00 0x02 0x4d 0x00 0x00 0x02 0x4d 0x02    ..M...M.
0010   0x66 0x04 0x80 0x02 0x4d 0x04 0x00 0x00    f...M...
0018   0x05 0x03 0x00 0x00 0x00 0x00 0x00 0x00    ........
0020   0x00 0x00 0x00 0x00 0x00 0x00 0x00 0x00    ........
0028   0x00 0x00 0x00 0x00 0x00 0x00 0x00 0x00    ........
0030   0x00 0x00 0x00 0x00 0x00 0x00 0x00 0x00    ........
0038   0x00 0x00 0x00 0x00 0x00 0x00 0x00 0x00    ........
INFO:stick:quit send_force_read, found len: 64 expected 64 after 0 attempts
INFO:stick:finished processing UsbStats:0x05 0x01, {'errors.timeouts': 1, 'packets.transmit': 589L, 'errors.naks': 0, 'errors.sequence': 0, 'packets.received': 589L, 'errors.crc': 0}
INFO:stick:PROCESS:END:641.537:UsbStats:0x05 0x01
INFO:stick:PROCESS:START:645.292:RadioStats:0x05 0x00
INFO:stick:link Stick transmit[None] reader[None] download_i[False] status[None] poll_size[None] poll_i[None] command[<RadioStats:0x05 0x00:size(64)>] processing RadioStats:0x05 0x00)
INFO:stick:send_force_read: attempt 0/5 send command, read until we get something within some timeout
INFO:stick:link Stick transmit[None] reader[None] download_i[False] status[None] poll_size[None] poll_i[None] command[<RadioStats:0x05 0x00:size(64)>] sending RadioStats:0x05 0x00)
INFO:root:usb.write.len: 3
0000   0x05 0x00 0x00                             ...
DEBUG:stick:sleeping 0.001
INFO:root:usb.read.len: 64
INFO:root:usb.read.raw:
0000   0x01 0x55 0x00 0x00 0x00 0x00 0x0e 0x00    .U......
0008   0x00 0x00 0x97 0x00 0x00 0x00 0xab 0x00    ........
0010   0x00 0x00 0x4c 0x00 0x16 0x00 0x51 0x00    ..L...Q.
0018   0x81 0x00 0x0e 0x00 0x00 0x00 0x00 0x00    ........
0020   0x00 0x01 0x00 0xdd 0x00 0x00 0x00 0x00    ........
0028   0x00 0x00 0x00 0x00 0x00 0x00 0x00 0x00    ........
0030   0x00 0x00 0x00 0x00 0x00 0x00 0x00 0x00    ........
0038   0x00 0x00 0x00 0x00 0x00 0x00 0x00 0x00    ........
INFO:stick:quit send_force_read, found len: 64 expected 64 after 0 attempts
INFO:stick:finished processing RadioStats:0x05 0x00, {'errors.timeouts': 14, 'packets.transmit': 171L, 'errors.naks': 0, 'errors.sequence': 0, 'packets.received': 151L, 'errors.crc': 0}
INFO:stick:PROCESS:END:683.833:RadioStats:0x05 0x00
INFO:__main__:{'radio': {'errors.crc': 0,
           'errors.naks': 0,
           'errors.sequence': 0,
           'errors.timeouts': 14,
           'packets.received': 151L,
           'packets.transmit': 171L},
 'usb': {'errors.crc': 0,
         'errors.naks': 0,
         'errors.sequence': 0,
         'errors.timeouts': 1,
         'packets.received': 589L,
         'packets.transmit': 589L}}
INFO:__main__:BEGIN POWER CONTROL
PowerControl SERIAL 772310
INFO:__main__:execute attempt: 1
INFO:__main__:session transferring packet
INFO:stick:transmit_packet:write:<TransmitPacket:PowerControl:data:unknown>
INFO:stick:PROCESS:START:723.507:TransmitPacket:PowerControl:data:unknown
INFO:stick:link Stick transmit[TransmitPacket:PowerControl:data:unknown] reader[None] download_i[False] status[None] poll_size[None] poll_i[None] command[<TransmitPacket:PowerControl:data:unknown>] processing TransmitPacket:PowerControl:data:unknown)
INFO:stick:send_force_read: attempt 0/5 send command, read until we get something within some timeout
INFO:stick:link Stick transmit[TransmitPacket:PowerControl:data:unknown] reader[None] download_i[False] status[None] poll_size[None] poll_i[None] command[<TransmitPacket:PowerControl:data:unknown>] sending TransmitPacket:PowerControl:data:unknown)
DEBUG:stick:[1, 0, 167, 1, 119, 35, 16, 128, 2, 85, 0, 0, 0, 93, 149, 1, 10, 162]
INFO:root:usb.write.len: 18
0000   0x01 0x00 0xa7 0x01 0x77 0x23 0x10 0x80    ....w#..
0008   0x02 0x55 0x00 0x00 0x00 0x5d 0x95 0x01    .U...]..
0010   0x0a 0xa2                                  ..
DEBUG:stick:sleeping 0.001
INFO:root:usb.read.len: 64
INFO:root:usb.read.raw:
0000   0x01 0x55 0x00 0x00 0x00 0x00 0x0e 0x00    .U......
0008   0x00 0x00 0x97 0x00 0x00 0x00 0xab 0x00    ........
0010   0x00 0x00 0x4c 0x00 0x16 0x00 0x51 0x00    ..L...Q.
0018   0x81 0x00 0x0e 0x00 0x00 0x00 0x00 0x00    ........
0020   0x00 0x01 0x00 0xdd 0x00 0x00 0x00 0x00    ........
0028   0x00 0x00 0x00 0x00 0x00 0x00 0x00 0x00    ........
0030   0x00 0x00 0x00 0x00 0x00 0x00 0x00 0x00    ........
0038   0x00 0x00 0x00 0x00 0x00 0x00 0x00 0x00    ........
INFO:stick:quit send_force_read, found len: 64 expected 64 after 0 attempts
INFO:stick:finished processing TransmitPacket:PowerControl:data:unknown, bytearray(b'\x00\x00\x00\x0e\x00\x00\x00\x97\x00\x00\x00\xab\x00\x00\x00L\x00\x16\x00Q\x00\x81\x00\x0e\x00\x00\x00\x00\x00\x00\x01\x00\xdd\x00\x00\x00\x00\x00\x00\x00\x00\x00\x00\x00\x00\x00\x00\x00\x00\x00\x00\x00\x00\x00\x00\x00\x00\x00\x00\x00\x00')
INFO:stick:PROCESS:END:767.987:TransmitPacket:PowerControl:data:unknown
INFO:__main__:sleeping 17 before download
INFO:__main__:no download required
INFO:__main__:finished executing:PowerControl:data:unknown
INFO:commands:PowerControl:data:unknown:download:done?explain=found[0] expected[0]
INFO:__main__:manually download PowerControl serial 772310
INFO:stick:download:start:0
INFO:stick:Stick transmit[TransmitPacket:PowerControl:data:unknown] reader[None] download_i[1] status[None] poll_size[None] poll_i[None] command[<TransmitPacket:PowerControl:data:unknown>]:download(attempts[1],expect[0],results[0]:data[0]):begin first poll first sleep .250
DEBUG:stick:<Stick transmit[TransmitPacket:PowerControl:data:unknown] reader[None] download_i[1] status[None] poll_size[None] poll_i[None] command[<TransmitPacket:PowerControl:data:unknown>]>:STARTING POLL PHASE:attempt:0
DEBUG:stick:<Stick transmit[TransmitPacket:PowerControl:data:unknown] reader[None] download_i[1] status[None] poll_size[0] poll_i[0] command[<TransmitPacket:PowerControl:data:unknown>]>:poll:attempt:0
INFO:stick:PROCESS:START:18067.974:LinkStatus:0x03:status:size=64
INFO:stick:link Stick transmit[TransmitPacket:PowerControl:data:unknown] reader[None] download_i[1] status[None] poll_size[0] poll_i[0] command[<LinkStatus:0x03:status:size=64:size(64)>] processing LinkStatus:0x03:status:size=64)
INFO:stick:send_force_read: attempt 0/5 send command, read until we get something within some timeout
INFO:stick:link Stick transmit[TransmitPacket:PowerControl:data:unknown] reader[None] download_i[1] status[None] poll_size[0] poll_i[0] command[<LinkStatus:0x03:status:size=64:size(64)>] sending LinkStatus:0x03:status:size=64)
INFO:root:usb.write.len: 3
0000   0x03 0x00 0x00                             ...
DEBUG:stick:sleeping 0.001
INFO:root:usb.read.len: 64
INFO:root:usb.read.raw:
0000   0x01 0x55 0x00 0x00 0x02 0x01 0x00 0x0f    .U......
0008   0x05 0x04 0x00 0x00 0x00 0x00 0xab 0x00    ........
0010   0x00 0x00 0x4c 0x00 0x16 0x00 0x51 0x00    ..L...Q.
0018   0x81 0x00 0x0e 0x00 0x00 0x00 0x00 0x00    ........
0020   0x00 0x01 0x00 0xdd 0x00 0x00 0x00 0x00    ........
0028   0x00 0x00 0x00 0x00 0x00 0x00 0x00 0x00    ........
0030   0x00 0x00 0x00 0x00 0x00 0x00 0x00 0x00    ........
0038   0x00 0x00 0x00 0x00 0x00 0x00 0x00 0x00    ........
INFO:stick:quit send_force_read, found len: 64 expected 64 after 0 attempts
INFO:stick:LinkStatus:0x03:status:size=15

INFO:stick:finished processing LinkStatus:0x03:status:size=15, 15
INFO:stick:PROCESS:END:18112.137:LinkStatus:0x03:status:size=15
INFO:stick:Stick transmit[TransmitPacket:PowerControl:data:unknown] reader[None] download_i[1] status[<LinkStatus:0x03:status:size=15:size(15)>] poll_size[15] poll_i[0] command[<LinkStatus:0x03:status:size=15:size(15)>]:STOP POLL after 1 attempts:size:15
INFO:stick:Stick transmit[TransmitPacket:PowerControl:data:unknown] reader[None] download_i[1] status[<LinkStatus:0x03:status:size=15:size(15)>] poll_size[15] poll_i[False] command[<LinkStatus:0x03:status:size=15:size(15)>]:download(attempts[1],expect[15],results[0]:data[0]):end first poll
INFO:stick:Stick transmit[TransmitPacket:PowerControl:data:unknown] reader[None] download_i[1] status[<LinkStatus:0x03:status:size=15:size(15)>] poll_size[15] poll_i[False] command[<LinkStatus:0x03:status:size=15:size(15)>]:download(attempts[1],expect[15],results[0]:data[0]):proceed to download packet
INFO:stick:Stick transmit[TransmitPacket:PowerControl:data:unknown] reader[None] download_i[1] status[<LinkStatus:0x03:status:size=15:size(15)>] poll_size[15] poll_i[False] command[<LinkStatus:0x03:status:size=15:size(15)>]:download_packet:15
INFO:stick:PROCESS:START:18135.694:ReadRadio:size:15
INFO:stick:send_force_read: attempt 0/5 send command, read until we get something within some timeout
INFO:stick:link Stick transmit[TransmitPacket:PowerControl:data:unknown] reader[ReadRadio:size:15] download_i[1] status[<LinkStatus:0x03:status:size=15:size(15)>] poll_size[15] poll_i[False] command[<ReadRadio:size:15>] sending ReadRadio:size:15)
INFO:root:usb.write.len: 5
0000   0x0c 0x00 0x00 0x0f 0xc6                   .....
DEBUG:stick:sleeping 0.001
INFO:root:usb.read.len: 15
INFO:root:usb.read.raw:
0000   0x02 0x00 0x01 0x00 0xea 0x80 0x01 0xa7    ........
0008   0x01 0x77 0x23 0x10 0xfb 0x00 0x00         .w#....
INFO:stick:quit send_force_read, found len: 15 expected 15 after 0 attempts
INFO:stick:readData validating remote raw[ack]: 02
INFO:stick:readData; foreign raw should be at least 14 bytes? 15 True
INFO:stick:readData; raw[retries] 0
INFO:stick:ReadRadio:size:15:eod:found eod (True)
INFO:stick:found packet len(1), link expects(1)
INFO:stick:PROCESS:END:18181.836:ReadRadio:size:15
INFO:stick:Stick transmit[TransmitPacket:PowerControl:data:unknown] reader[ReadRadio:size:15] download_i[1] status[<LinkStatus:0x03:status:size=15:size(15)>] poll_size[15] poll_i[False] command[<ReadRadio:size:15>]:download(attempts[1],expect[15],results[1]:data[1]):adding segment
INFO:stick:Stick transmit[TransmitPacket:PowerControl:data:unknown] reader[ReadRadio:size:15] download_i[1] status[<LinkStatus:0x03:status:size=15:size(15)>] poll_size[15] poll_i[False] command[<ReadRadio:size:15>]:download(attempts[1],expect[15],results[1]:data[1]):DONE
INFO:__main__:ENDING manual download:
0000   0x00                                       .
INFO:stick:PROCESS:START:18197.498:UsbStats:0x05 0x01
INFO:stick:link Stick transmit[TransmitPacket:PowerControl:data:unknown] reader[ReadRadio:size:15] download_i[False] status[<LinkStatus:0x03:status:size=15:size(15)>] poll_size[15] poll_i[False] command[<UsbStats:0x05 0x01:size(64)>] processing UsbStats:0x05 0x01)
INFO:stick:send_force_read: attempt 0/5 send command, read until we get something within some timeout
INFO:stick:link Stick transmit[TransmitPacket:PowerControl:data:unknown] reader[ReadRadio:size:15] download_i[False] status[<LinkStatus:0x03:status:size=15:size(15)>] poll_size[15] poll_i[False] command[<UsbStats:0x05 0x01:size(64)>] sending UsbStats:0x05 0x01)
INFO:root:usb.write.len: 3
0000   0x05 0x01 0x00                             ...
DEBUG:stick:sleeping 0.001
INFO:root:usb.read.len: 64
INFO:root:usb.read.raw:
0000   0x01 0x55 0x00 0x00 0x00 0x00 0x01 0x00    .U......
0008   0x00 0x02 0x52 0x00 0x00 0x02 0x52 0x02    ..R...R.
0010   0x6b 0x04 0x89 0x02 0x52 0x04 0x00 0x00    k...R...
0018   0x05 0x00 0x0e 0x00 0x00 0x00 0x00 0x00    ........
0020   0x00 0x01 0x00 0xdd 0x00 0x00 0x00 0x00    ........
0028   0x00 0x00 0x00 0x00 0x00 0x00 0x00 0x00    ........
0030   0x00 0x00 0x00 0x00 0x00 0x00 0x00 0x00    ........
0038   0x00 0x00 0x00 0x00 0x00 0x00 0x00 0x00    ........
INFO:stick:quit send_force_read, found len: 64 expected 64 after 0 attempts
INFO:stick:finished processing UsbStats:0x05 0x01, {'errors.timeouts': 1, 'packets.transmit': 594L, 'errors.naks': 0, 'errors.sequence': 0, 'packets.received': 594L, 'errors.crc': 0}
INFO:stick:PROCESS:END:18238.135:UsbStats:0x05 0x01
INFO:stick:PROCESS:START:18241.608:RadioStats:0x05 0x00
INFO:stick:link Stick transmit[TransmitPacket:PowerControl:data:unknown] reader[ReadRadio:size:15] download_i[False] status[<LinkStatus:0x03:status:size=15:size(15)>] poll_size[15] poll_i[False] command[<RadioStats:0x05 0x00:size(64)>] processing RadioStats:0x05 0x00)
INFO:stick:send_force_read: attempt 0/5 send command, read until we get something within some timeout
INFO:stick:link Stick transmit[TransmitPacket:PowerControl:data:unknown] reader[ReadRadio:size:15] download_i[False] status[<LinkStatus:0x03:status:size=15:size(15)>] poll_size[15] poll_i[False] command[<RadioStats:0x05 0x00:size(64)>] sending RadioStats:0x05 0x00)
INFO:root:usb.write.len: 3
0000   0x05 0x00 0x00                             ...
DEBUG:stick:sleeping 0.001
INFO:root:usb.read.len: 64
INFO:root:usb.read.raw:
0000   0x01 0x55 0x00 0x00 0x00 0x00 0x0e 0x00    .U......
0008   0x00 0x00 0x99 0x00 0x00 0x00 0xad 0x00    ........
0010   0x00 0x00 0x4d 0x00 0x18 0x00 0x51 0x00    ..M...Q.
0018   0x81 0x00 0x0f 0x00 0x00 0x00 0x00 0x00    ........
0020   0x00 0x01 0x00 0xdf 0x00 0x00 0x00 0x00    ........
0028   0x00 0x00 0x00 0x00 0x00 0x00 0x00 0x00    ........
0030   0x00 0x00 0x00 0x00 0x00 0x00 0x00 0x00    ........
0038   0x00 0x00 0x00 0x00 0x00 0x00 0x00 0x00    ........
INFO:stick:quit send_force_read, found len: 64 expected 64 after 0 attempts
INFO:stick:finished processing RadioStats:0x05 0x00, {'errors.timeouts': 14, 'packets.transmit': 173L, 'errors.naks': 0, 'errors.sequence': 0, 'packets.received': 153L, 'errors.crc': 0}
INFO:stick:PROCESS:END:18283.657:RadioStats:0x05 0x00
INFO:__main__:{'radio': {'errors.crc': 0,
           'errors.naks': 0,
           'errors.sequence': 0,
           'errors.timeouts': 14,
           'packets.received': 153L,
           'packets.transmit': 173L},
 'usb': {'errors.crc': 0,
         'errors.naks': 0,
         'errors.sequence': 0,
         'errors.timeouts': 1,
         'packets.received': 594L,
         'packets.transmit': 594L}}
INFO:__main__:execute attempt: 1
INFO:__main__:session transferring packet
INFO:stick:transmit_packet:write:<TransmitPacket:ReadPumpModel:data:unknown>
INFO:stick:PROCESS:START:18319.735:TransmitPacket:ReadPumpModel:data:unknown
INFO:stick:link Stick transmit[TransmitPacket:ReadPumpModel:data:unknown] reader[ReadRadio:size:15] download_i[False] status[<LinkStatus:0x03:status:size=15:size(15)>] poll_size[15] poll_i[False] command[<TransmitPacket:ReadPumpModel:data:unknown>] processing TransmitPacket:ReadPumpModel:data:unknown)
INFO:stick:send_force_read: attempt 0/5 send command, read until we get something within some timeout
INFO:stick:link Stick transmit[TransmitPacket:ReadPumpModel:data:unknown] reader[ReadRadio:size:15] download_i[False] status[<LinkStatus:0x03:status:size=15:size(15)>] poll_size[15] poll_i[False] command[<TransmitPacket:ReadPumpModel:data:unknown>] sending TransmitPacket:ReadPumpModel:data:unknown)
DEBUG:stick:[1, 0, 167, 1, 119, 35, 16, 128, 0, 0, 2, 1, 0, 141, 40, 0]
INFO:root:usb.write.len: 16
0000   0x01 0x00 0xa7 0x01 0x77 0x23 0x10 0x80    ....w#..
0008   0x00 0x00 0x02 0x01 0x00 0x8d 0x28 0x00    ......(.
DEBUG:stick:sleeping 0.001
INFO:root:usb.read.len: 64
INFO:root:usb.read.raw:
0000   0x01 0x55 0x00 0x00 0x00 0x00 0x0e 0x00    .U......
0008   0x00 0x00 0x99 0x00 0x00 0x00 0xad 0x00    ........
0010   0x00 0x00 0x4d 0x00 0x18 0x00 0x51 0x00    ..M...Q.
0018   0x81 0x00 0x0f 0x00 0x00 0x00 0x00 0x00    ........
0020   0x00 0x01 0x00 0xdf 0x00 0x00 0x00 0x00    ........
0028   0x00 0x00 0x00 0x00 0x00 0x00 0x00 0x00    ........
0030   0x00 0x00 0x00 0x00 0x00 0x00 0x00 0x00    ........
0038   0x00 0x00 0x00 0x00 0x00 0x00 0x00 0x00    ........
INFO:stick:quit send_force_read, found len: 64 expected 64 after 0 attempts
INFO:stick:finished processing TransmitPacket:ReadPumpModel:data:unknown, bytearray(b'\x00\x00\x00\x0e\x00\x00\x00\x99\x00\x00\x00\xad\x00\x00\x00M\x00\x18\x00Q\x00\x81\x00\x0f\x00\x00\x00\x00\x00\x00\x01\x00\xdf\x00\x00\x00\x00\x00\x00\x00\x00\x00\x00\x00\x00\x00\x00\x00\x00\x00\x00\x00\x00\x00\x00\x00\x00\x00\x00\x00\x00')
INFO:stick:PROCESS:END:18363.746:TransmitPacket:ReadPumpModel:data:unknown
INFO:__main__:sleeping 0.5 before download
INFO:__main__:proceeding with download
INFO:stick:download:start:0
INFO:stick:Stick transmit[TransmitPacket:ReadPumpModel:data:unknown] reader[ReadRadio:size:15] download_i[1] status[<LinkStatus:0x03:status:size=15:size(15)>] poll_size[15] poll_i[False] command[<TransmitPacket:ReadPumpModel:data:unknown>]:download(attempts[1],expect[0],results[0]:data[0]):begin first poll first sleep .250
DEBUG:stick:<Stick transmit[TransmitPacket:ReadPumpModel:data:unknown] reader[ReadRadio:size:15] download_i[1] status[<LinkStatus:0x03:status:size=15:size(15)>] poll_size[15] poll_i[False] command[<TransmitPacket:ReadPumpModel:data:unknown>]>:STARTING POLL PHASE:attempt:0
DEBUG:stick:<Stick transmit[TransmitPacket:ReadPumpModel:data:unknown] reader[ReadRadio:size:15] download_i[1] status[<LinkStatus:0x03:status:size=15:size(15)>] poll_size[0] poll_i[0] command[<TransmitPacket:ReadPumpModel:data:unknown>]>:poll:attempt:0
INFO:stick:PROCESS:START:19140.276:LinkStatus:0x03:status:size=64
INFO:stick:link Stick transmit[TransmitPacket:ReadPumpModel:data:unknown] reader[ReadRadio:size:15] download_i[1] status[<LinkStatus:0x03:status:size=15:size(15)>] poll_size[0] poll_i[0] command[<LinkStatus:0x03:status:size=64:size(64)>] processing LinkStatus:0x03:status:size=64)
INFO:stick:send_force_read: attempt 0/5 send command, read until we get something within some timeout
INFO:stick:link Stick transmit[TransmitPacket:ReadPumpModel:data:unknown] reader[ReadRadio:size:15] download_i[1] status[<LinkStatus:0x03:status:size=15:size(15)>] poll_size[0] poll_i[0] command[<LinkStatus:0x03:status:size=64:size(64)>] sending LinkStatus:0x03:status:size=64)
INFO:root:usb.write.len: 3
0000   0x03 0x00 0x00                             ...
DEBUG:stick:sleeping 0.001
INFO:root:usb.read.len: 64
INFO:root:usb.read.raw:
0000   0x01 0x55 0x00 0x00 0x02 0x01 0x00 0x4e    .U.....N
0008   0x05 0x04 0x00 0x00 0x00 0x00 0xad 0x00    ........
0010   0x00 0x00 0x4d 0x00 0x18 0x00 0x51 0x00    ..M...Q.
0018   0x81 0x00 0x0f 0x00 0x00 0x00 0x00 0x00    ........
0020   0x00 0x01 0x00 0xdf 0x00 0x00 0x00 0x00    ........
0028   0x00 0x00 0x00 0x00 0x00 0x00 0x00 0x00    ........
0030   0x00 0x00 0x00 0x00 0x00 0x00 0x00 0x00    ........
0038   0x00 0x00 0x00 0x00 0x00 0x00 0x00 0x00    ........
INFO:stick:quit send_force_read, found len: 64 expected 64 after 0 attempts
INFO:stick:LinkStatus:0x03:status:size=78

INFO:stick:finished processing LinkStatus:0x03:status:size=78, 78
INFO:stick:PROCESS:END:19179.441:LinkStatus:0x03:status:size=78
INFO:stick:Stick transmit[TransmitPacket:ReadPumpModel:data:unknown] reader[ReadRadio:size:15] download_i[1] status[<LinkStatus:0x03:status:size=78:size(78)>] poll_size[78] poll_i[0] command[<LinkStatus:0x03:status:size=78:size(78)>]:STOP POLL after 1 attempts:size:78
INFO:stick:Stick transmit[TransmitPacket:ReadPumpModel:data:unknown] reader[ReadRadio:size:15] download_i[1] status[<LinkStatus:0x03:status:size=78:size(78)>] poll_size[78] poll_i[False] command[<LinkStatus:0x03:status:size=78:size(78)>]:download(attempts[1],expect[78],results[0]:data[0]):end first poll
INFO:stick:Stick transmit[TransmitPacket:ReadPumpModel:data:unknown] reader[ReadRadio:size:15] download_i[1] status[<LinkStatus:0x03:status:size=78:size(78)>] poll_size[78] poll_i[False] command[<LinkStatus:0x03:status:size=78:size(78)>]:download(attempts[1],expect[78],results[0]:data[0]):proceed to download packet
INFO:stick:Stick transmit[TransmitPacket:ReadPumpModel:data:unknown] reader[ReadRadio:size:15] download_i[1] status[<LinkStatus:0x03:status:size=78:size(78)>] poll_size[78] poll_i[False] command[<LinkStatus:0x03:status:size=78:size(78)>]:download_packet:78
INFO:stick:PROCESS:START:19198.323:ReadRadio:size:78
INFO:stick:send_force_read: attempt 0/5 send command, read until we get something within some timeout
INFO:stick:link Stick transmit[TransmitPacket:ReadPumpModel:data:unknown] reader[ReadRadio:size:78] download_i[1] status[<LinkStatus:0x03:status:size=78:size(78)>] poll_size[78] poll_i[False] command[<ReadRadio:size:78>] sending ReadRadio:size:78)
INFO:root:usb.write.len: 5
0000   0x0c 0x00 0x00 0x4e 0x95                   ...N.
DEBUG:stick:sleeping 0.001
INFO:root:usb.read.len: 78
INFO:root:usb.read.raw:
0000   0x02 0x00 0x03 0x00 0xea 0x80 0x40 0xa7    ......@.
0008   0x01 0x77 0x23 0x10 0xaa 0x03 0x37 0x32    .w#...72
0010   0x33 0x00 0x00 0x00 0x00 0x00 0x00 0x00    3.......
0018   0x00 0x00 0x00 0x00 0x00 0x00 0x00 0x00    ........
0020   0x00 0x00 0x00 0x00 0x00 0x00 0x00 0x00    ........
0028   0x00 0x00 0x00 0x00 0x00 0x00 0x00 0x00    ........
0030   0x00 0x00 0x00 0x00 0x00 0x00 0x00 0x00    ........
0038   0x00 0x00 0x00 0x00 0x00 0x00 0x00 0x00    ........
0040   0x00 0x00 0x00 0x00 0x00 0x00 0x00 0x00    ........
0048   0x00 0x00 0x00 0x00 0x00 0x5f              ....._
INFO:stick:quit send_force_read, found len: 78 expected 78 after 0 attempts
INFO:stick:readData validating remote raw[ack]: 02
INFO:stick:readData; foreign raw should be at least 14 bytes? 78 True
INFO:stick:readData; raw[retries] 0
INFO:stick:ReadRadio:size:78:eod:found eod (True)
INFO:stick:found packet len(64), link expects(64)
INFO:stick:PROCESS:END:19238.134:ReadRadio:size:78
INFO:stick:Stick transmit[TransmitPacket:ReadPumpModel:data:unknown] reader[ReadRadio:size:78] download_i[1] status[<LinkStatus:0x03:status:size=78:size(78)>] poll_size[78] poll_i[False] command[<ReadRadio:size:78>]:download(attempts[1],expect[78],results[64]:data[64]):adding segment
INFO:stick:Stick transmit[TransmitPacket:ReadPumpModel:data:unknown] reader[ReadRadio:size:78] download_i[1] status[<LinkStatus:0x03:status:size=78:size(78)>] poll_size[78] poll_i[False] command[<ReadRadio:size:78>]:download(attempts[1],expect[78],results[64]:data[64]):DONE
INFO:__main__:finished executing:ReadPumpModel:size[64]:data:'723'
INFO:commands:ReadPumpModel:size[64]:data:'723':download:done?explain=found[64] expected[64]
INFO:__main__:PUMP MODEL: ReadPumpModel:size[64]:data:'723'
INFO:stick:PROCESS:START:19256.816:UsbStats:0x05 0x01
INFO:stick:link Stick transmit[TransmitPacket:ReadPumpModel:size[64]:data:'723'] reader[ReadRadio:size:78] download_i[False] status[<LinkStatus:0x03:status:size=78:size(78)>] poll_size[78] poll_i[False] command[<UsbStats:0x05 0x01:size(64)>] processing UsbStats:0x05 0x01)
INFO:stick:send_force_read: attempt 0/5 send command, read until we get something within some timeout
INFO:stick:link Stick transmit[TransmitPacket:ReadPumpModel:size[64]:data:'723'] reader[ReadRadio:size:78] download_i[False] status[<LinkStatus:0x03:status:size=78:size(78)>] poll_size[78] poll_i[False] command[<UsbStats:0x05 0x01:size(64)>] sending UsbStats:0x05 0x01)
INFO:root:usb.write.len: 3
0000   0x05 0x01 0x00                             ...
DEBUG:stick:sleeping 0.001
INFO:root:usb.read.len: 64
INFO:root:usb.read.raw:
0000   0x01 0x55 0x00 0x00 0x00 0x00 0x01 0x00    .U......
0008   0x00 0x02 0x57 0x00 0x00 0x02 0x57 0x02    ..W...W.
0010   0x70 0x04 0x94 0x02 0x57 0x04 0x00 0x00    p...W...
0018   0x05 0x00 0x00 0x00 0x00 0x00 0x00 0x00    ........
0020   0x00 0x00 0x00 0x00 0x00 0x00 0x00 0x00    ........
0028   0x00 0x00 0x00 0x00 0x00 0x00 0x00 0x00    ........
0030   0x00 0x00 0x00 0x00 0x00 0x00 0x00 0x00    ........
0038   0x00 0x00 0x00 0x00 0x00 0x00 0x00 0x00    ........
INFO:stick:quit send_force_read, found len: 64 expected 64 after 0 attempts
INFO:stick:finished processing UsbStats:0x05 0x01, {'errors.timeouts': 1, 'packets.transmit': 599L, 'errors.naks': 0, 'errors.sequence': 0, 'packets.received': 599L, 'errors.crc': 0}
INFO:stick:PROCESS:END:19290.792:UsbStats:0x05 0x01
INFO:stick:PROCESS:START:19293.623:RadioStats:0x05 0x00
INFO:stick:link Stick transmit[TransmitPacket:ReadPumpModel:size[64]:data:'723'] reader[ReadRadio:size:78] download_i[False] status[<LinkStatus:0x03:status:size=78:size(78)>] poll_size[78] poll_i[False] command[<RadioStats:0x05 0x00:size(64)>] processing RadioStats:0x05 0x00)
INFO:stick:send_force_read: attempt 0/5 send command, read until we get something within some timeout
INFO:stick:link Stick transmit[TransmitPacket:ReadPumpModel:size[64]:data:'723'] reader[ReadRadio:size:78] download_i[False] status[<LinkStatus:0x03:status:size=78:size(78)>] poll_size[78] poll_i[False] command[<RadioStats:0x05 0x00:size(64)>] sending RadioStats:0x05 0x00)
INFO:root:usb.write.len: 3
0000   0x05 0x00 0x00                             ...
DEBUG:stick:sleeping 0.001
INFO:root:usb.read.len: 64
INFO:root:usb.read.raw:
0000   0x01 0x55 0x00 0x00 0x00 0x00 0x0e 0x00    .U......
0008   0x00 0x00 0x9a 0x00 0x00 0x00 0xae 0x00    ........
0010   0x00 0x00 0x4e 0x00 0x18 0x00 0x51 0x00    ..N...Q.
0018   0x82 0x00 0x0f 0x00 0x00 0x00 0x00 0x00    ........
0020   0x00 0x01 0x00 0xe8 0x00 0x00 0x00 0x00    ........
0028   0x00 0x00 0x00 0x00 0x00 0x00 0x00 0x00    ........
0030   0x00 0x00 0x00 0x00 0x00 0x00 0x00 0x00    ........
0038   0x00 0x00 0x00 0x00 0x00 0x00 0x00 0x00    ........
INFO:stick:quit send_force_read, found len: 64 expected 64 after 0 attempts
INFO:stick:finished processing RadioStats:0x05 0x00, {'errors.timeouts': 14, 'packets.transmit': 174L, 'errors.naks': 0, 'errors.sequence': 0, 'packets.received': 154L, 'errors.crc': 0}
INFO:stick:PROCESS:END:19334.911:RadioStats:0x05 0x00
INFO:__main__:{'radio': {'errors.crc': 0,
           'errors.naks': 0,
           'errors.sequence': 0,
           'errors.timeouts': 14,
           'packets.received': 154L,
           'packets.transmit': 174L},
 'usb': {'errors.crc': 0,
         'errors.naks': 0,
         'errors.sequence': 0,
         'errors.timeouts': 1,
         'packets.received': 599L,
         'packets.transmit': 599L}}
INFO:__main__:read HISTORY DATA
INFO:__main__:execute attempt: 1
INFO:__main__:session transferring packet
INFO:stick:transmit_packet:write:<TransmitPacket:ReadHistoryData:size[1024]:[page][0]:data[0]:>
INFO:stick:PROCESS:START:19374.275:TransmitPacket:ReadHistoryData:size[1024]:[page][0]:data[0]:
INFO:stick:link Stick transmit[TransmitPacket:ReadHistoryData:size[1024]:[page][0]:data[0]:] reader[ReadRadio:size:78] download_i[False] status[<LinkStatus:0x03:status:size=78:size(78)>] poll_size[78] poll_i[False] command[<TransmitPacket:ReadHistoryData:size[1024]:[page][0]:data[0]:>] processing TransmitPacket:ReadHistoryData:size[1024]:[page][0]:data[0]:)
INFO:stick:send_force_read: attempt 0/5 send command, read until we get something within some timeout
INFO:stick:link Stick transmit[TransmitPacket:ReadHistoryData:size[1024]:[page][0]:data[0]:] reader[ReadRadio:size:78] download_i[False] status[<LinkStatus:0x03:status:size=78:size(78)>] poll_size[78] poll_i[False] command[<TransmitPacket:ReadHistoryData:size[1024]:[page][0]:data[0]:>] sending TransmitPacket:ReadHistoryData:size[1024]:[page][0]:data[0]:)
DEBUG:stick:[1, 0, 167, 1, 119, 35, 16, 128, 1, 0, 2, 2, 0, 128, 116, 0, 0]
INFO:root:usb.write.len: 17
0000   0x01 0x00 0xa7 0x01 0x77 0x23 0x10 0x80    ....w#..
0008   0x01 0x00 0x02 0x02 0x00 0x80 0x74 0x00    ......t.
0010   0x00                                       .
DEBUG:stick:sleeping 0.001
INFO:root:usb.read.len: 64
INFO:root:usb.read.raw:
0000   0x01 0x55 0x00 0x00 0x00 0x00 0x0e 0x00    .U......
0008   0x00 0x00 0x9a 0x00 0x00 0x00 0xae 0x00    ........
0010   0x00 0x00 0x4e 0x00 0x18 0x00 0x51 0x00    ..N...Q.
0018   0x82 0x00 0x0f 0x00 0x00 0x00 0x00 0x00    ........
0020   0x00 0x01 0x00 0xe8 0x00 0x00 0x00 0x00    ........
0028   0x00 0x00 0x00 0x00 0x00 0x00 0x00 0x00    ........
0030   0x00 0x00 0x00 0x00 0x00 0x00 0x00 0x00    ........
0038   0x00 0x00 0x00 0x00 0x00 0x00 0x00 0x00    ........
INFO:stick:quit send_force_read, found len: 64 expected 64 after 0 attempts
INFO:stick:finished processing TransmitPacket:ReadHistoryData:size[1024]:[page][0]:data[0]:, bytearray(b'\x00\x00\x00\x0e\x00\x00\x00\x9a\x00\x00\x00\xae\x00\x00\x00N\x00\x18\x00Q\x00\x82\x00\x0f\x00\x00\x00\x00\x00\x00\x01\x00\xe8\x00\x00\x00\x00\x00\x00\x00\x00\x00\x00\x00\x00\x00\x00\x00\x00\x00\x00\x00\x00\x00\x00\x00\x00\x00\x00\x00\x00')
INFO:stick:PROCESS:END:19419.61:TransmitPacket:ReadHistoryData:size[1024]:[page][0]:data[0]:
INFO:__main__:sleeping 0.1 before download
INFO:__main__:proceeding with download
INFO:stick:download:start:0
INFO:stick:Stick transmit[TransmitPacket:ReadHistoryData:size[1024]:[page][0]:data[0]:] reader[ReadRadio:size:78] download_i[1] status[<LinkStatus:0x03:status:size=78:size(78)>] poll_size[78] poll_i[False] command[<TransmitPacket:ReadHistoryData:size[1024]:[page][0]:data[0]:>]:download(attempts[1],expect[0],results[0]:data[0]):begin first poll first sleep .250
DEBUG:stick:<Stick transmit[TransmitPacket:ReadHistoryData:size[1024]:[page][0]:data[0]:] reader[ReadRadio:size:78] download_i[1] status[<LinkStatus:0x03:status:size=78:size(78)>] poll_size[78] poll_i[False] command[<TransmitPacket:ReadHistoryData:size[1024]:[page][0]:data[0]:>]>:STARTING POLL PHASE:attempt:0
DEBUG:stick:<Stick transmit[TransmitPacket:ReadHistoryData:size[1024]:[page][0]:data[0]:] reader[ReadRadio:size:78] download_i[1] status[<LinkStatus:0x03:status:size=78:size(78)>] poll_size[0] poll_i[0] command[<TransmitPacket:ReadHistoryData:size[1024]:[page][0]:data[0]:>]>:poll:attempt:0
INFO:stick:PROCESS:START:19796.743:LinkStatus:0x03:status:size=64
INFO:stick:link Stick transmit[TransmitPacket:ReadHistoryData:size[1024]:[page][0]:data[0]:] reader[ReadRadio:size:78] download_i[1] status[<LinkStatus:0x03:status:size=78:size(78)>] poll_size[0] poll_i[0] command[<LinkStatus:0x03:status:size=64:size(64)>] processing LinkStatus:0x03:status:size=64)
INFO:stick:send_force_read: attempt 0/5 send command, read until we get something within some timeout
INFO:stick:link Stick transmit[TransmitPacket:ReadHistoryData:size[1024]:[page][0]:data[0]:] reader[ReadRadio:size:78] download_i[1] status[<LinkStatus:0x03:status:size=78:size(78)>] poll_size[0] poll_i[0] command[<LinkStatus:0x03:status:size=64:size(64)>] sending LinkStatus:0x03:status:size=64)
INFO:root:usb.write.len: 3
0000   0x03 0x00 0x00                             ...
DEBUG:stick:sleeping 0.001
INFO:root:usb.read.len: 64
INFO:root:usb.read.raw:
0000   0x01 0x55 0x00 0x00 0x02 0x01 0x00 0x8e    .U......
0008   0x05 0x04 0x00 0x00 0x00 0x00 0xae 0x00    ........
0010   0x00 0x00 0x4e 0x00 0x18 0x00 0x51 0x00    ..N...Q.
0018   0x82 0x00 0x0f 0x00 0x00 0x00 0x00 0x00    ........
0020   0x00 0x01 0x00 0xe8 0x00 0x00 0x00 0x00    ........
0028   0x00 0x00 0x00 0x00 0x00 0x00 0x00 0x00    ........
0030   0x00 0x00 0x00 0x00 0x00 0x00 0x00 0x00    ........
0038   0x00 0x00 0x00 0x00 0x00 0x00 0x00 0x00    ........
INFO:stick:quit send_force_read, found len: 64 expected 64 after 0 attempts
INFO:stick:LinkStatus:0x03:status:size=142

INFO:stick:finished processing LinkStatus:0x03:status:size=142, 142
INFO:stick:PROCESS:END:19842.073:LinkStatus:0x03:status:size=142
INFO:stick:Stick transmit[TransmitPacket:ReadHistoryData:size[1024]:[page][0]:data[0]:] reader[ReadRadio:size:78] download_i[1] status[<LinkStatus:0x03:status:size=142:size(142)>] poll_size[142] poll_i[0] command[<LinkStatus:0x03:status:size=142:size(142)>]:STOP POLL after 1 attempts:size:142
INFO:stick:Stick transmit[TransmitPacket:ReadHistoryData:size[1024]:[page][0]:data[0]:] reader[ReadRadio:size:78] download_i[1] status[<LinkStatus:0x03:status:size=142:size(142)>] poll_size[142] poll_i[False] command[<LinkStatus:0x03:status:size=142:size(142)>]:download(attempts[1],expect[142],results[0]:data[0]):end first poll
INFO:stick:Stick transmit[TransmitPacket:ReadHistoryData:size[1024]:[page][0]:data[0]:] reader[ReadRadio:size:78] download_i[1] status[<LinkStatus:0x03:status:size=142:size(142)>] poll_size[142] poll_i[False] command[<LinkStatus:0x03:status:size=142:size(142)>]:download(attempts[1],expect[142],results[0]:data[0]):proceed to download packet
INFO:stick:Stick transmit[TransmitPacket:ReadHistoryData:size[1024]:[page][0]:data[0]:] reader[ReadRadio:size:78] download_i[1] status[<LinkStatus:0x03:status:size=142:size(142)>] poll_size[142] poll_i[False] command[<LinkStatus:0x03:status:size=142:size(142)>]:download_packet:142
INFO:stick:PROCESS:START:19865.133:ReadRadio:size:142
INFO:stick:send_force_read: attempt 0/5 send command, read until we get something within some timeout
INFO:stick:link Stick transmit[TransmitPacket:ReadHistoryData:size[1024]:[page][0]:data[0]:] reader[ReadRadio:size:142] download_i[1] status[<LinkStatus:0x03:status:size=142:size(142)>] poll_size[142] poll_i[False] command[<ReadRadio:size:142>] sending ReadRadio:size:142)
INFO:root:usb.write.len: 5
0000   0x0c 0x00 0x00 0x8e 0x56                   ....V
DEBUG:stick:sleeping 0.001
INFO:root:usb.read.len: 142
INFO:root:usb.read.raw:
0000   0x02 0x00 0x04 0x00 0xea 0x00 0x80 0xa7    ........
0008   0x01 0x77 0x23 0x10 0x6c 0x5b 0x21 0x12    .w#.l[!.
0010   0x7b 0x07 0x0e 0x0f 0x00 0x51 0x00 0x55    {....Q.U
0018   0x14 0x64 0x50 0x00 0x00 0x08 0x00 0x00    .dP.....
0020   0x01 0x50 0x78 0x34 0xc8 0x02 0x42 0x08    .Px4..B.
0028   0x0e 0x0f 0x01 0x01 0x50 0x01 0x50 0x00    ....P.P.
0030   0x00 0x00 0x12 0x7b 0x47 0x0e 0x0f 0x34    ...{G..4
0038   0x64 0x19 0x5c 0x0b 0x0e 0x0f 0x5b 0x00    d.\...[.
0040   0x14 0x5e 0x0b 0x0e 0x0f 0x2d 0x50 0x00    .^...-P.
0048   0x55 0x14 0x64 0x00 0x00 0xd0 0x00 0x00    U.d.....
0050   0x00 0x00 0xd0 0x78 0x5c 0x08 0x02 0xd2    ...x\...
0058   0x45 0x4e 0xdc 0x44 0x01 0x00 0xd0 0x00    EN.D....
0060   0xd0 0x00 0x48 0x00 0x15 0x5e 0x4b 0x0e    ..H..^K.
0068   0x0f 0x5b 0x00 0x3b 0x70 0x0b 0x0e 0x0f    .[.;p...
0070   0x16 0x50 0x00 0x55 0x14 0x64 0x00 0x00    .P.U.d..
0078   0x64 0x00 0x00 0x00 0x00 0x64 0x78 0x5c    d....dx\
0080   0x0b 0xd0 0x12 0x44 0x02 0xe4 0x45 0x4e    ...D..EN
0088   0xee 0x44 0x01 0x00 0x64 0x8f              .D..d.
INFO:stick:quit send_force_read, found len: 142 expected 142 after 0 attempts
INFO:stick:readData validating remote raw[ack]: 02
INFO:stick:readData; foreign raw should be at least 14 bytes? 142 True
INFO:stick:readData; raw[retries] 0
INFO:stick:ReadRadio:size:142:eod:found eod (False)
INFO:stick:found packet len(128), link expects(128)
INFO:stick:PROCESS:END:19917.435:ReadRadio:size:142
INFO:stick:Stick transmit[TransmitPacket:ReadHistoryData:size[1024]:[page][0]:data[0]:] reader[ReadRadio:size:142] download_i[1] status[<LinkStatus:0x03:status:size=142:size(142)>] poll_size[142] poll_i[False] command[<ReadRadio:size:142>]:download(attempts[1],expect[142],results[128]:data[128]):adding segment
INFO:stick:Stick transmit[TransmitPacket:ReadHistoryData:size[1024]:[page][0]:data[0]:] reader[ReadRadio:size:142] download_i[1] status[<LinkStatus:0x03:status:size=142:size(142)>] poll_size[142] poll_i[False] command[<ReadRadio:size:142>]:download(attempts[1],expect[142],results[128]:data[128]):no eod, sleep .200 try again
DEBUG:stick:<Stick transmit[TransmitPacket:ReadHistoryData:size[1024]:[page][0]:data[0]:] reader[ReadRadio:size:142] download_i[1] status[<LinkStatus:0x03:status:size=142:size(142)>] poll_size[142] poll_i[False] command[<ReadRadio:size:142>]>:STARTING POLL PHASE:attempt:0
DEBUG:stick:<Stick transmit[TransmitPacket:ReadHistoryData:size[1024]:[page][0]:data[0]:] reader[ReadRadio:size:142] download_i[1] status[<LinkStatus:0x03:status:size=142:size(142)>] poll_size[0] poll_i[0] command[<ReadRadio:size:142>]>:poll:attempt:0
INFO:stick:PROCESS:START:20140.177:LinkStatus:0x03:status:size=64
INFO:stick:link Stick transmit[TransmitPacket:ReadHistoryData:size[1024]:[page][0]:data[0]:] reader[ReadRadio:size:142] download_i[1] status[<LinkStatus:0x03:status:size=142:size(142)>] poll_size[0] poll_i[0] command[<LinkStatus:0x03:status:size=64:size(64)>] processing LinkStatus:0x03:status:size=64)
INFO:stick:send_force_read: attempt 0/5 send command, read until we get something within some timeout
INFO:stick:link Stick transmit[TransmitPacket:ReadHistoryData:size[1024]:[page][0]:data[0]:] reader[ReadRadio:size:142] download_i[1] status[<LinkStatus:0x03:status:size=142:size(142)>] poll_size[0] poll_i[0] command[<LinkStatus:0x03:status:size=64:size(64)>] sending LinkStatus:0x03:status:size=64)
INFO:root:usb.write.len: 3
0000   0x03 0x00 0x00                             ...
DEBUG:stick:sleeping 0.001
INFO:root:usb.read.len: 64
INFO:root:usb.read.raw:
0000   0x01 0x55 0x00 0x00 0x02 0x01 0x00 0x8e    .U......
0008   0x05 0x04 0x00 0x10 0x6c 0x5b 0x21 0x12    ....l[!.
0010   0x7b 0x07 0x0e 0x0f 0x00 0x51 0x00 0x55    {....Q.U
0018   0x14 0x64 0x50 0x00 0x00 0x08 0x00 0x00    .dP.....
0020   0x01 0x50 0x78 0x34 0xc8 0x02 0x42 0x08    .Px4..B.
0028   0x0e 0x0f 0x01 0x01 0x50 0x01 0x50 0x00    ....P.P.
0030   0x00 0x00 0x12 0x7b 0x47 0x0e 0x0f 0x34    ...{G..4
0038   0x64 0x19 0x5c 0x0b 0x0e 0x0f 0x5b 0x00    d.\...[.
INFO:stick:quit send_force_read, found len: 64 expected 64 after 0 attempts
INFO:stick:LinkStatus:0x03:status:size=142

INFO:stick:finished processing LinkStatus:0x03:status:size=142, 142
INFO:stick:PROCESS:END:20184.349:LinkStatus:0x03:status:size=142
INFO:stick:Stick transmit[TransmitPacket:ReadHistoryData:size[1024]:[page][0]:data[0]:] reader[ReadRadio:size:142] download_i[1] status[<LinkStatus:0x03:status:size=142:size(142)>] poll_size[142] poll_i[0] command[<LinkStatus:0x03:status:size=142:size(142)>]:STOP POLL after 1 attempts:size:142
INFO:stick:Stick transmit[TransmitPacket:ReadHistoryData:size[1024]:[page][0]:data[0]:] reader[ReadRadio:size:142] download_i[2] status[<LinkStatus:0x03:status:size=142:size(142)>] poll_size[142] poll_i[False] command[<LinkStatus:0x03:status:size=142:size(142)>]:download(attempts[2],expect[142],results[128]:data[0]):proceed to download packet
INFO:stick:Stick transmit[TransmitPacket:ReadHistoryData:size[1024]:[page][0]:data[0]:] reader[ReadRadio:size:142] download_i[2] status[<LinkStatus:0x03:status:size=142:size(142)>] poll_size[142] poll_i[False] command[<LinkStatus:0x03:status:size=142:size(142)>]:download_packet:142
INFO:stick:PROCESS:START:20203.406:ReadRadio:size:142
INFO:stick:send_force_read: attempt 0/5 send command, read until we get something within some timeout
INFO:stick:link Stick transmit[TransmitPacket:ReadHistoryData:size[1024]:[page][0]:data[0]:] reader[ReadRadio:size:142] download_i[2] status[<LinkStatus:0x03:status:size=142:size(142)>] poll_size[142] poll_i[False] command[<ReadRadio:size:142>] sending ReadRadio:size:142)
INFO:root:usb.write.len: 5
0000   0x0c 0x00 0x00 0x8e 0x56                   ....V
DEBUG:stick:sleeping 0.001
INFO:root:usb.read.len: 142
INFO:root:usb.read.raw:
0000   0x02 0x00 0x04 0x00 0xea 0x00 0x80 0xa7    ........
0008   0x01 0x77 0x23 0x10 0x6c 0x00 0x64 0x01    .w#.l.d.
0010   0x04 0x00 0x00 0x71 0x4b 0x0e 0x0f 0x7b    ...qK..{
0018   0x03 0x00 0x40 0x0c 0x0e 0x0f 0x18 0x34    ..@....4
0020   0x00 0x5b 0x00 0x2d 0x78 0x0c 0x0e 0x0f    .[.-x...
0028   0x28 0x50 0x00 0x55 0x14 0x64 0x00 0x00    (P.U.d..
0030   0xbc 0x00 0x00 0x00 0x00 0xbc 0x78 0x5c    ......x\
0038   0x11 0x28 0x42 0x44 0x3c 0x4c 0x44 0xd0    .(BD<LD.
0040   0x56 0x44 0x02 0x28 0x55 0x4e 0x32 0x54    VD.(UN2T
0048   0x01 0x00 0xbc 0x00 0xbc 0x01 0x04 0x00    ........
0050   0x2d 0x78 0x4c 0x0e 0x0f 0x0a 0xc3 0x07    -xL.....
0058   0x57 0x2e 0x6e 0x0f 0x3f 0x18 0x07 0x57    W.n.?..W
0060   0x6e 0x6e 0x0f 0xc0 0xaf 0x4b 0x1e 0x01    nn...K..
0068   0x24 0x76 0x0e 0x0e 0x0f 0x7b 0x03 0x2e    $v...{..
0070   0x76 0x0e 0x0e 0x0f 0x18 0x34 0x00 0x1f    v....4..
0078   0x20 0x2e 0x76 0x0e 0x0e 0x0f 0x00 0x00     .v.....
0080   0x00 0x00 0x00 0x00 0x00 0x00 0x00 0x00    ........
0088   0x00 0x00 0x00 0x00 0x00 0x69              .....i
INFO:stick:quit send_force_read, found len: 142 expected 142 after 0 attempts
INFO:stick:readData validating remote raw[ack]: 02
INFO:stick:readData; foreign raw should be at least 14 bytes? 142 True
INFO:stick:readData; raw[retries] 0
INFO:stick:ReadRadio:size:142:eod:found eod (False)
INFO:stick:found packet len(128), link expects(128)
INFO:stick:PROCESS:END:20259.765:ReadRadio:size:142
INFO:stick:Stick transmit[TransmitPacket:ReadHistoryData:size[1024]:[page][0]:data[0]:] reader[ReadRadio:size:142] download_i[2] status[<LinkStatus:0x03:status:size=142:size(142)>] poll_size[142] poll_i[False] command[<ReadRadio:size:142>]:download(attempts[2],expect[142],results[256]:data[128]):adding segment
INFO:stick:Stick transmit[TransmitPacket:ReadHistoryData:size[1024]:[page][0]:data[0]:] reader[ReadRadio:size:142] download_i[2] status[<LinkStatus:0x03:status:size=142:size(142)>] poll_size[142] poll_i[False] command[<ReadRadio:size:142>]:download(attempts[2],expect[142],results[256]:data[128]):no eod, sleep .200 try again
DEBUG:stick:<Stick transmit[TransmitPacket:ReadHistoryData:size[1024]:[page][0]:data[0]:] reader[ReadRadio:size:142] download_i[2] status[<LinkStatus:0x03:status:size=142:size(142)>] poll_size[142] poll_i[False] command[<ReadRadio:size:142>]>:STARTING POLL PHASE:attempt:0
DEBUG:stick:<Stick transmit[TransmitPacket:ReadHistoryData:size[1024]:[page][0]:data[0]:] reader[ReadRadio:size:142] download_i[2] status[<LinkStatus:0x03:status:size=142:size(142)>] poll_size[0] poll_i[0] command[<ReadRadio:size:142>]>:poll:attempt:0
INFO:stick:PROCESS:START:20480.939:LinkStatus:0x03:status:size=64
INFO:stick:link Stick transmit[TransmitPacket:ReadHistoryData:size[1024]:[page][0]:data[0]:] reader[ReadRadio:size:142] download_i[2] status[<LinkStatus:0x03:status:size=142:size(142)>] poll_size[0] poll_i[0] command[<LinkStatus:0x03:status:size=64:size(64)>] processing LinkStatus:0x03:status:size=64)
INFO:stick:send_force_read: attempt 0/5 send command, read until we get something within some timeout
INFO:stick:link Stick transmit[TransmitPacket:ReadHistoryData:size[1024]:[page][0]:data[0]:] reader[ReadRadio:size:142] download_i[2] status[<LinkStatus:0x03:status:size=142:size(142)>] poll_size[0] poll_i[0] command[<LinkStatus:0x03:status:size=64:size(64)>] sending LinkStatus:0x03:status:size=64)
INFO:root:usb.write.len: 3
0000   0x03 0x00 0x00                             ...
DEBUG:stick:sleeping 0.001
INFO:root:usb.read.len: 64
INFO:root:usb.read.raw:
0000   0x01 0x55 0x00 0x00 0x02 0x03 0x00 0x8e    .U......
0008   0x05 0x04 0x00 0x10 0x6c 0x00 0x64 0x01    ....l.d.
0010   0x04 0x00 0x00 0x71 0x4b 0x0e 0x0f 0x7b    ...qK..{
0018   0x03 0x00 0x40 0x0c 0x0e 0x0f 0x18 0x34    ..@....4
0020   0x00 0x5b 0x00 0x2d 0x78 0x0c 0x0e 0x0f    .[.-x...
0028   0x28 0x50 0x00 0x55 0x14 0x64 0x00 0x00    (P.U.d..
0030   0xbc 0x00 0x00 0x00 0x00 0xbc 0x78 0x5c    ......x\
0038   0x11 0x28 0x42 0x44 0x3c 0x4c 0x44 0xd0    .(BD<LD.
INFO:stick:quit send_force_read, found len: 64 expected 64 after 0 attempts
INFO:stick:LinkStatus:0x03:status:size=142

INFO:stick:finished processing LinkStatus:0x03:status:size=142, 142
INFO:stick:PROCESS:END:20525.541:LinkStatus:0x03:status:size=142
INFO:stick:Stick transmit[TransmitPacket:ReadHistoryData:size[1024]:[page][0]:data[0]:] reader[ReadRadio:size:142] download_i[2] status[<LinkStatus:0x03:status:size=142:size(142)>] poll_size[142] poll_i[0] command[<LinkStatus:0x03:status:size=142:size(142)>]:STOP POLL after 1 attempts:size:142
INFO:stick:Stick transmit[TransmitPacket:ReadHistoryData:size[1024]:[page][0]:data[0]:] reader[ReadRadio:size:142] download_i[3] status[<LinkStatus:0x03:status:size=142:size(142)>] poll_size[142] poll_i[False] command[<LinkStatus:0x03:status:size=142:size(142)>]:download(attempts[3],expect[142],results[256]:data[0]):proceed to download packet
INFO:stick:Stick transmit[TransmitPacket:ReadHistoryData:size[1024]:[page][0]:data[0]:] reader[ReadRadio:size:142] download_i[3] status[<LinkStatus:0x03:status:size=142:size(142)>] poll_size[142] poll_i[False] command[<LinkStatus:0x03:status:size=142:size(142)>]:download_packet:142
INFO:stick:PROCESS:START:20543.251:ReadRadio:size:142
INFO:stick:send_force_read: attempt 0/5 send command, read until we get something within some timeout
INFO:stick:link Stick transmit[TransmitPacket:ReadHistoryData:size[1024]:[page][0]:data[0]:] reader[ReadRadio:size:142] download_i[3] status[<LinkStatus:0x03:status:size=142:size(142)>] poll_size[142] poll_i[False] command[<ReadRadio:size:142>] sending ReadRadio:size:142)
INFO:root:usb.write.len: 5
0000   0x0c 0x00 0x00 0x8e 0x56                   ....V
DEBUG:stick:sleeping 0.001
INFO:root:usb.read.len: 142
INFO:root:usb.read.raw:
0000   0x02 0x00 0x04 0x00 0xea 0x00 0x80 0xa7    ........
0008   0x01 0x77 0x23 0x10 0x6c 0x00 0x00 0x00    .w#.l...
0010   0x00 0x00 0x00 0x00 0x00 0x00 0x00 0x00    ........
0018   0x00 0x00 0x00 0x00 0x00 0x00 0x00 0x00    ........
0020   0x00 0x00 0x00 0x00 0x00 0x00 0x00 0x00    ........
0028   0x00 0x00 0x00 0x00 0x00 0x00 0x00 0x00    ........
0030   0x00 0x00 0x00 0x00 0x00 0x00 0x00 0x00    ........
0038   0x00 0x00 0x00 0x00 0x00 0x00 0x00 0x00    ........
0040   0x00 0x00 0x00 0x00 0x00 0x00 0x00 0x00    ........
0048   0x00 0x00 0x00 0x00 0x00 0x00 0x00 0x00    ........
0050   0x00 0x00 0x00 0x00 0x00 0x00 0x00 0x00    ........
0058   0x00 0x00 0x00 0x00 0x00 0x00 0x00 0x00    ........
0060   0x00 0x00 0x00 0x00 0x00 0x00 0x00 0x00    ........
0068   0x00 0x00 0x00 0x00 0x00 0x00 0x00 0x00    ........
0070   0x00 0x00 0x00 0x00 0x00 0x00 0x00 0x00    ........
0078   0x00 0x00 0x00 0x00 0x00 0x00 0x00 0x00    ........
0080   0x00 0x00 0x00 0x00 0x00 0x00 0x00 0x00    ........
0088   0x00 0x00 0x00 0x00 0x00 0x00              ......
INFO:stick:quit send_force_read, found len: 142 expected 142 after 0 attempts
INFO:stick:readData validating remote raw[ack]: 02
INFO:stick:readData; foreign raw should be at least 14 bytes? 142 True
INFO:stick:readData; raw[retries] 0
INFO:stick:ReadRadio:size:142:eod:found eod (False)
INFO:stick:found packet len(128), link expects(128)
WARNING:stick:bad zero CRC?
INFO:stick:PROCESS:END:20597.416:ReadRadio:size:142
INFO:stick:Stick transmit[TransmitPacket:ReadHistoryData:size[1024]:[page][0]:data[0]:] reader[ReadRadio:size:142] download_i[3] status[<LinkStatus:0x03:status:size=142:size(142)>] poll_size[142] poll_i[False] command[<ReadRadio:size:142>]:download(attempts[3],expect[142],results[384]:data[128]):adding segment
INFO:stick:Stick transmit[TransmitPacket:ReadHistoryData:size[1024]:[page][0]:data[0]:] reader[ReadRadio:size:142] download_i[3] status[<LinkStatus:0x03:status:size=142:size(142)>] poll_size[142] poll_i[False] command[<ReadRadio:size:142>]:download(attempts[3],expect[142],results[384]:data[128]):no eod, sleep .200 try again
DEBUG:stick:<Stick transmit[TransmitPacket:ReadHistoryData:size[1024]:[page][0]:data[0]:] reader[ReadRadio:size:142] download_i[3] status[<LinkStatus:0x03:status:size=142:size(142)>] poll_size[142] poll_i[False] command[<ReadRadio:size:142>]>:STARTING POLL PHASE:attempt:0
DEBUG:stick:<Stick transmit[TransmitPacket:ReadHistoryData:size[1024]:[page][0]:data[0]:] reader[ReadRadio:size:142] download_i[3] status[<LinkStatus:0x03:status:size=142:size(142)>] poll_size[0] poll_i[0] command[<ReadRadio:size:142>]>:poll:attempt:0
INFO:stick:PROCESS:START:20818.522:LinkStatus:0x03:status:size=64
INFO:stick:link Stick transmit[TransmitPacket:ReadHistoryData:size[1024]:[page][0]:data[0]:] reader[ReadRadio:size:142] download_i[3] status[<LinkStatus:0x03:status:size=142:size(142)>] poll_size[0] poll_i[0] command[<LinkStatus:0x03:status:size=64:size(64)>] processing LinkStatus:0x03:status:size=64)
INFO:stick:send_force_read: attempt 0/5 send command, read until we get something within some timeout
INFO:stick:link Stick transmit[TransmitPacket:ReadHistoryData:size[1024]:[page][0]:data[0]:] reader[ReadRadio:size:142] download_i[3] status[<LinkStatus:0x03:status:size=142:size(142)>] poll_size[0] poll_i[0] command[<LinkStatus:0x03:status:size=64:size(64)>] sending LinkStatus:0x03:status:size=64)
INFO:root:usb.write.len: 3
0000   0x03 0x00 0x00                             ...
DEBUG:stick:sleeping 0.001
INFO:root:usb.read.len: 64
INFO:root:usb.read.raw:
0000   0x01 0x55 0x00 0x00 0x02 0x01 0x00 0xce    .U......
0008   0x05 0x04 0x00 0x10 0x6c 0x00 0x00 0x00    ....l...
0010   0x00 0x00 0x00 0x00 0x00 0x00 0x00 0x00    ........
0018   0x00 0x00 0x00 0x00 0x00 0x00 0x00 0x00    ........
0020   0x00 0x00 0x00 0x00 0x00 0x00 0x00 0x00    ........
0028   0x00 0x00 0x00 0x00 0x00 0x00 0x00 0x00    ........
0030   0x00 0x00 0x00 0x00 0x00 0x00 0x00 0x00    ........
0038   0x00 0x00 0x00 0x00 0x00 0x00 0x00 0x00    ........
INFO:stick:quit send_force_read, found len: 64 expected 64 after 0 attempts
INFO:stick:LinkStatus:0x03:status:size=206

INFO:stick:finished processing LinkStatus:0x03:status:size=206, 206
INFO:stick:PROCESS:END:20863.731:LinkStatus:0x03:status:size=206
INFO:stick:Stick transmit[TransmitPacket:ReadHistoryData:size[1024]:[page][0]:data[0]:] reader[ReadRadio:size:142] download_i[3] status[<LinkStatus:0x03:status:size=206:size(206)>] poll_size[206] poll_i[0] command[<LinkStatus:0x03:status:size=206:size(206)>]:STOP POLL after 1 attempts:size:206
INFO:stick:Stick transmit[TransmitPacket:ReadHistoryData:size[1024]:[page][0]:data[0]:] reader[ReadRadio:size:142] download_i[4] status[<LinkStatus:0x03:status:size=206:size(206)>] poll_size[206] poll_i[False] command[<LinkStatus:0x03:status:size=206:size(206)>]:download(attempts[4],expect[206],results[384]:data[0]):proceed to download packet
INFO:stick:Stick transmit[TransmitPacket:ReadHistoryData:size[1024]:[page][0]:data[0]:] reader[ReadRadio:size:142] download_i[4] status[<LinkStatus:0x03:status:size=206:size(206)>] poll_size[206] poll_i[False] command[<LinkStatus:0x03:status:size=206:size(206)>]:download_packet:206
INFO:stick:PROCESS:START:20881.429:ReadRadio:size:206
INFO:stick:send_force_read: attempt 0/5 send command, read until we get something within some timeout
INFO:stick:link Stick transmit[TransmitPacket:ReadHistoryData:size[1024]:[page][0]:data[0]:] reader[ReadRadio:size:206] download_i[4] status[<LinkStatus:0x03:status:size=206:size(206)>] poll_size[206] poll_i[False] command[<ReadRadio:size:206>] sending ReadRadio:size:206)
INFO:root:usb.write.len: 5
0000   0x0c 0x00 0x00 0xce 0x9e                   .....
DEBUG:stick:sleeping 0.001
INFO:root:usb.read.len: 206
INFO:root:usb.read.raw:
0000   0x02 0x00 0x04 0x00 0xea 0x00 0xc0 0xa7    ........
0008   0x01 0x77 0x23 0x10 0x94 0x00 0x00 0x00    .w#.....
0010   0x00 0x00 0x00 0x00 0x00 0x00 0x00 0x00    ........
0018   0x00 0x00 0x00 0x00 0x00 0x00 0x00 0x00    ........
0020   0x00 0x00 0x00 0x00 0x00 0x00 0x00 0x00    ........
0028   0x00 0x00 0x00 0x00 0x00 0x00 0x00 0x00    ........
0030   0x00 0x00 0x00 0x00 0x00 0x00 0x00 0x00    ........
0038   0x00 0x00 0x00 0x00 0x00 0x00 0x00 0x00    ........
0040   0x00 0x00 0x00 0x00 0x00 0x00 0x00 0x00    ........
0048   0x00 0x00 0x00 0x00 0x00 0x00 0x00 0x00    ........
0050   0x00 0x00 0x00 0x00 0x00 0x00 0x00 0x00    ........
0058   0x00 0x00 0x00 0x00 0x00 0x00 0x00 0x00    ........
0060   0x00 0x00 0x00 0x00 0x00 0x00 0x00 0x00    ........
0068   0x00 0x00 0x00 0x00 0x00 0x00 0x00 0x00    ........
0070   0x00 0x00 0x00 0x00 0x00 0x00 0x00 0x00    ........
0078   0x00 0x00 0x00 0x00 0x00 0x00 0x00 0x00    ........
0080   0x00 0x00 0x00 0x00 0x00 0x00 0x00 0x00    ........
0088   0x00 0x00 0x00 0x00 0x00 0x00 0x00 0x00    ........
0090   0x00 0x00 0x00 0x00 0x00 0x00 0x00 0x00    ........
0098   0x00 0x00 0x00 0x00 0x00 0x00 0x00 0x00    ........
00A0   0x00 0x00 0x00 0x00 0x00 0x00 0x00 0x00    ........
00A8   0x00 0x00 0x00 0x00 0x00 0x00 0x00 0x00    ........
00B0   0x00 0x00 0x00 0x00 0x00 0x00 0x00 0x00    ........
00B8   0x00 0x00 0x00 0x00 0x00 0x00 0x00 0x00    ........
00C0   0x00 0x00 0x00 0x00 0x00 0x00 0x00 0x00    ........
00C8   0x00 0x00 0x00 0x00 0x00 0x00              ......
INFO:stick:quit send_force_read, found len: 206 expected 206 after 0 attempts
INFO:stick:readData validating remote raw[ack]: 02
INFO:stick:readData; foreign raw should be at least 14 bytes? 206 True
INFO:stick:readData; raw[retries] 0
INFO:stick:ReadRadio:size:206:eod:found eod (False)
INFO:stick:found packet len(192), link expects(192)
WARNING:stick:bad zero CRC?
INFO:stick:PROCESS:END:20957.184:ReadRadio:size:206
INFO:stick:Stick transmit[TransmitPacket:ReadHistoryData:size[1024]:[page][0]:data[0]:] reader[ReadRadio:size:206] download_i[4] status[<LinkStatus:0x03:status:size=206:size(206)>] poll_size[206] poll_i[False] command[<ReadRadio:size:206>]:download(attempts[4],expect[206],results[576]:data[192]):adding segment
INFO:stick:Stick transmit[TransmitPacket:ReadHistoryData:size[1024]:[page][0]:data[0]:] reader[ReadRadio:size:206] download_i[4] status[<LinkStatus:0x03:status:size=206:size(206)>] poll_size[206] poll_i[False] command[<ReadRadio:size:206>]:download(attempts[4],expect[206],results[576]:data[192]):no eod, sleep .200 try again
DEBUG:stick:<Stick transmit[TransmitPacket:ReadHistoryData:size[1024]:[page][0]:data[0]:] reader[ReadRadio:size:206] download_i[4] status[<LinkStatus:0x03:status:size=206:size(206)>] poll_size[206] poll_i[False] command[<ReadRadio:size:206>]>:STARTING POLL PHASE:attempt:0
DEBUG:stick:<Stick transmit[TransmitPacket:ReadHistoryData:size[1024]:[page][0]:data[0]:] reader[ReadRadio:size:206] download_i[4] status[<LinkStatus:0x03:status:size=206:size(206)>] poll_size[0] poll_i[0] command[<ReadRadio:size:206>]>:poll:attempt:0
INFO:stick:PROCESS:START:21178.551:LinkStatus:0x03:status:size=64
INFO:stick:link Stick transmit[TransmitPacket:ReadHistoryData:size[1024]:[page][0]:data[0]:] reader[ReadRadio:size:206] download_i[4] status[<LinkStatus:0x03:status:size=206:size(206)>] poll_size[0] poll_i[0] command[<LinkStatus:0x03:status:size=64:size(64)>] processing LinkStatus:0x03:status:size=64)
INFO:stick:send_force_read: attempt 0/5 send command, read until we get something within some timeout
INFO:stick:link Stick transmit[TransmitPacket:ReadHistoryData:size[1024]:[page][0]:data[0]:] reader[ReadRadio:size:206] download_i[4] status[<LinkStatus:0x03:status:size=206:size(206)>] poll_size[0] poll_i[0] command[<LinkStatus:0x03:status:size=64:size(64)>] sending LinkStatus:0x03:status:size=64)
INFO:root:usb.write.len: 3
0000   0x03 0x00 0x00                             ...
DEBUG:stick:sleeping 0.001
INFO:root:usb.read.len: 64
INFO:root:usb.read.raw:
0000   0x01 0x55 0x00 0x00 0x02 0x01 0x00 0xce    .U......
0008   0x05 0x04 0x00 0x10 0x94 0x00 0x00 0x00    ........
0010   0x00 0x00 0x00 0x00 0x00 0x00 0x00 0x00    ........
0018   0x00 0x00 0x00 0x00 0x00 0x00 0x00 0x00    ........
0020   0x00 0x00 0x00 0x00 0x00 0x00 0x00 0x00    ........
0028   0x00 0x00 0x00 0x00 0x00 0x00 0x00 0x00    ........
0030   0x00 0x00 0x00 0x00 0x00 0x00 0x00 0x00    ........
0038   0x00 0x00 0x00 0x00 0x00 0x00 0x00 0x00    ........
INFO:stick:quit send_force_read, found len: 64 expected 64 after 0 attempts
INFO:stick:LinkStatus:0x03:status:size=206

INFO:stick:finished processing LinkStatus:0x03:status:size=206, 206
INFO:stick:PROCESS:END:21223.643:LinkStatus:0x03:status:size=206
INFO:stick:Stick transmit[TransmitPacket:ReadHistoryData:size[1024]:[page][0]:data[0]:] reader[ReadRadio:size:206] download_i[4] status[<LinkStatus:0x03:status:size=206:size(206)>] poll_size[206] poll_i[0] command[<LinkStatus:0x03:status:size=206:size(206)>]:STOP POLL after 1 attempts:size:206
INFO:stick:Stick transmit[TransmitPacket:ReadHistoryData:size[1024]:[page][0]:data[0]:] reader[ReadRadio:size:206] download_i[5] status[<LinkStatus:0x03:status:size=206:size(206)>] poll_size[206] poll_i[False] command[<LinkStatus:0x03:status:size=206:size(206)>]:download(attempts[5],expect[206],results[576]:data[0]):proceed to download packet
INFO:stick:Stick transmit[TransmitPacket:ReadHistoryData:size[1024]:[page][0]:data[0]:] reader[ReadRadio:size:206] download_i[5] status[<LinkStatus:0x03:status:size=206:size(206)>] poll_size[206] poll_i[False] command[<LinkStatus:0x03:status:size=206:size(206)>]:download_packet:206
INFO:stick:PROCESS:START:21241.375:ReadRadio:size:206
INFO:stick:send_force_read: attempt 0/5 send command, read until we get something within some timeout
INFO:stick:link Stick transmit[TransmitPacket:ReadHistoryData:size[1024]:[page][0]:data[0]:] reader[ReadRadio:size:206] download_i[5] status[<LinkStatus:0x03:status:size=206:size(206)>] poll_size[206] poll_i[False] command[<ReadRadio:size:206>] sending ReadRadio:size:206)
INFO:root:usb.write.len: 5
0000   0x0c 0x00 0x00 0xce 0x9e                   .....
DEBUG:stick:sleeping 0.001
INFO:root:usb.read.len: 206
INFO:root:usb.read.raw:
0000   0x02 0x00 0x04 0x00 0xea 0x00 0xc0 0xa7    ........
0008   0x01 0x77 0x23 0x10 0x94 0x00 0x00 0x00    .w#.....
0010   0x00 0x00 0x00 0x00 0x00 0x00 0x00 0x00    ........
0018   0x00 0x00 0x00 0x00 0x00 0x00 0x00 0x00    ........
0020   0x00 0x00 0x00 0x00 0x00 0x00 0x00 0x00    ........
0028   0x00 0x00 0x00 0x00 0x00 0x00 0x00 0x00    ........
0030   0x00 0x00 0x00 0x00 0x00 0x00 0x00 0x00    ........
0038   0x00 0x00 0x00 0x00 0x00 0x00 0x00 0x00    ........
0040   0x00 0x00 0x00 0x00 0x00 0x00 0x00 0x00    ........
0048   0x00 0x00 0x00 0x00 0x00 0x00 0x00 0x00    ........
0050   0x00 0x00 0x00 0x00 0x00 0x00 0x00 0x00    ........
0058   0x00 0x00 0x00 0x00 0x00 0x00 0x00 0x00    ........
0060   0x00 0x00 0x00 0x00 0x00 0x00 0x00 0x00    ........
0068   0x00 0x00 0x00 0x00 0x00 0x00 0x00 0x00    ........
0070   0x00 0x00 0x00 0x00 0x00 0x00 0x00 0x00    ........
0078   0x00 0x00 0x00 0x00 0x00 0x00 0x00 0x00    ........
0080   0x00 0x00 0x00 0x00 0x00 0x00 0x00 0x00    ........
0088   0x00 0x00 0x00 0x00 0x00 0x00 0x00 0x00    ........
0090   0x00 0x00 0x00 0x00 0x00 0x00 0x00 0x00    ........
0098   0x00 0x00 0x00 0x00 0x00 0x00 0x00 0x00    ........
00A0   0x00 0x00 0x00 0x00 0x00 0x00 0x00 0x00    ........
00A8   0x00 0x00 0x00 0x00 0x00 0x00 0x00 0x00    ........
00B0   0x00 0x00 0x00 0x00 0x00 0x00 0x00 0x00    ........
00B8   0x00 0x00 0x00 0x00 0x00 0x00 0x00 0x00    ........
00C0   0x00 0x00 0x00 0x00 0x00 0x00 0x00 0x00    ........
00C8   0x00 0x00 0x00 0x00 0x00 0x00              ......
INFO:stick:quit send_force_read, found len: 206 expected 206 after 0 attempts
INFO:stick:readData validating remote raw[ack]: 02
INFO:stick:readData; foreign raw should be at least 14 bytes? 206 True
INFO:stick:readData; raw[retries] 0
INFO:stick:ReadRadio:size:206:eod:found eod (False)
INFO:stick:found packet len(192), link expects(192)
WARNING:stick:bad zero CRC?
INFO:stick:PROCESS:END:21299.821:ReadRadio:size:206
INFO:stick:Stick transmit[TransmitPacket:ReadHistoryData:size[1024]:[page][0]:data[0]:] reader[ReadRadio:size:206] download_i[5] status[<LinkStatus:0x03:status:size=206:size(206)>] poll_size[206] poll_i[False] command[<ReadRadio:size:206>]:download(attempts[5],expect[206],results[768]:data[192]):adding segment
INFO:stick:Stick transmit[TransmitPacket:ReadHistoryData:size[1024]:[page][0]:data[0]:] reader[ReadRadio:size:206] download_i[5] status[<LinkStatus:0x03:status:size=206:size(206)>] poll_size[206] poll_i[False] command[<ReadRadio:size:206>]:download(attempts[5],expect[206],results[768]:data[192]):no eod, sleep .200 try again
DEBUG:stick:<Stick transmit[TransmitPacket:ReadHistoryData:size[1024]:[page][0]:data[0]:] reader[ReadRadio:size:206] download_i[5] status[<LinkStatus:0x03:status:size=206:size(206)>] poll_size[206] poll_i[False] command[<ReadRadio:size:206>]>:STARTING POLL PHASE:attempt:0
DEBUG:stick:<Stick transmit[TransmitPacket:ReadHistoryData:size[1024]:[page][0]:data[0]:] reader[ReadRadio:size:206] download_i[5] status[<LinkStatus:0x03:status:size=206:size(206)>] poll_size[0] poll_i[0] command[<ReadRadio:size:206>]>:poll:attempt:0
INFO:stick:PROCESS:START:21521.094:LinkStatus:0x03:status:size=64
INFO:stick:link Stick transmit[TransmitPacket:ReadHistoryData:size[1024]:[page][0]:data[0]:] reader[ReadRadio:size:206] download_i[5] status[<LinkStatus:0x03:status:size=206:size(206)>] poll_size[0] poll_i[0] command[<LinkStatus:0x03:status:size=64:size(64)>] processing LinkStatus:0x03:status:size=64)
INFO:stick:send_force_read: attempt 0/5 send command, read until we get something within some timeout
INFO:stick:link Stick transmit[TransmitPacket:ReadHistoryData:size[1024]:[page][0]:data[0]:] reader[ReadRadio:size:206] download_i[5] status[<LinkStatus:0x03:status:size=206:size(206)>] poll_size[0] poll_i[0] command[<LinkStatus:0x03:status:size=64:size(64)>] sending LinkStatus:0x03:status:size=64)
INFO:root:usb.write.len: 3
0000   0x03 0x00 0x00                             ...
DEBUG:stick:sleeping 0.001
INFO:root:usb.read.len: 64
INFO:root:usb.read.raw:
0000   0x01 0x55 0x00 0x00 0x02 0x01 0x00 0x8e    .U......
0008   0x05 0x04 0x00 0x10 0x94 0x00 0x00 0x00    ........
0010   0x00 0x00 0x00 0x00 0x00 0x00 0x00 0x00    ........
0018   0x00 0x00 0x00 0x00 0x00 0x00 0x00 0x00    ........
0020   0x00 0x00 0x00 0x00 0x00 0x00 0x00 0x00    ........
0028   0x00 0x00 0x00 0x00 0x00 0x00 0x00 0x00    ........
0030   0x00 0x00 0x00 0x00 0x00 0x00 0x00 0x00    ........
0038   0x00 0x00 0x00 0x00 0x00 0x00 0x00 0x00    ........
INFO:stick:quit send_force_read, found len: 64 expected 64 after 0 attempts
INFO:stick:LinkStatus:0x03:status:size=142

INFO:stick:finished processing LinkStatus:0x03:status:size=142, 142
INFO:stick:PROCESS:END:21565.572:LinkStatus:0x03:status:size=142
INFO:stick:Stick transmit[TransmitPacket:ReadHistoryData:size[1024]:[page][0]:data[0]:] reader[ReadRadio:size:206] download_i[5] status[<LinkStatus:0x03:status:size=142:size(142)>] poll_size[142] poll_i[0] command[<LinkStatus:0x03:status:size=142:size(142)>]:STOP POLL after 1 attempts:size:142
INFO:stick:Stick transmit[TransmitPacket:ReadHistoryData:size[1024]:[page][0]:data[0]:] reader[ReadRadio:size:206] download_i[6] status[<LinkStatus:0x03:status:size=142:size(142)>] poll_size[142] poll_i[False] command[<LinkStatus:0x03:status:size=142:size(142)>]:download(attempts[6],expect[142],results[768]:data[0]):proceed to download packet
INFO:stick:Stick transmit[TransmitPacket:ReadHistoryData:size[1024]:[page][0]:data[0]:] reader[ReadRadio:size:206] download_i[6] status[<LinkStatus:0x03:status:size=142:size(142)>] poll_size[142] poll_i[False] command[<LinkStatus:0x03:status:size=142:size(142)>]:download_packet:142
INFO:stick:PROCESS:START:21583.642:ReadRadio:size:142
INFO:stick:send_force_read: attempt 0/5 send command, read until we get something within some timeout
INFO:stick:link Stick transmit[TransmitPacket:ReadHistoryData:size[1024]:[page][0]:data[0]:] reader[ReadRadio:size:142] download_i[6] status[<LinkStatus:0x03:status:size=142:size(142)>] poll_size[142] poll_i[False] command[<ReadRadio:size:142>] sending ReadRadio:size:142)
INFO:root:usb.write.len: 5
0000   0x0c 0x00 0x00 0x8e 0x56                   ....V
DEBUG:stick:sleeping 0.001
INFO:root:usb.read.len: 142
INFO:root:usb.read.raw:
0000   0x02 0x00 0x04 0x00 0xea 0x00 0x80 0xa7    ........
0008   0x01 0x77 0x23 0x10 0x6c 0x00 0x00 0x00    .w#.l...
0010   0x00 0x00 0x00 0x00 0x00 0x00 0x00 0x00    ........
0018   0x00 0x00 0x00 0x00 0x00 0x00 0x00 0x00    ........
0020   0x00 0x00 0x00 0x00 0x00 0x00 0x00 0x00    ........
0028   0x00 0x00 0x00 0x00 0x00 0x00 0x00 0x00    ........
0030   0x00 0x00 0x00 0x00 0x00 0x00 0x00 0x00    ........
0038   0x00 0x00 0x00 0x00 0x00 0x00 0x00 0x00    ........
0040   0x00 0x00 0x00 0x00 0x00 0x00 0x00 0x00    ........
0048   0x00 0x00 0x00 0x00 0x00 0x00 0x00 0x00    ........
0050   0x00 0x00 0x00 0x00 0x00 0x00 0x00 0x00    ........
0058   0x00 0x00 0x00 0x00 0x00 0x00 0x00 0x00    ........
0060   0x00 0x00 0x00 0x00 0x00 0x00 0x00 0x00    ........
0068   0x00 0x00 0x00 0x00 0x00 0x00 0x00 0x00    ........
0070   0x00 0x00 0x00 0x00 0x00 0x00 0x00 0x00    ........
0078   0x00 0x00 0x00 0x00 0x00 0x00 0x00 0x00    ........
0080   0x00 0x00 0x00 0x00 0x00 0x00 0x00 0x00    ........
0088   0x00 0x00 0x00 0x00 0x00 0x00              ......
INFO:stick:quit send_force_read, found len: 142 expected 142 after 0 attempts
INFO:stick:readData validating remote raw[ack]: 02
INFO:stick:readData; foreign raw should be at least 14 bytes? 142 True
INFO:stick:readData; raw[retries] 0
INFO:stick:ReadRadio:size:142:eod:found eod (False)
INFO:stick:found packet len(128), link expects(128)
WARNING:stick:bad zero CRC?
INFO:stick:PROCESS:END:21642.004:ReadRadio:size:142
INFO:stick:Stick transmit[TransmitPacket:ReadHistoryData:size[1024]:[page][0]:data[0]:] reader[ReadRadio:size:142] download_i[6] status[<LinkStatus:0x03:status:size=142:size(142)>] poll_size[142] poll_i[False] command[<ReadRadio:size:142>]:download(attempts[6],expect[142],results[896]:data[128]):adding segment
INFO:stick:Stick transmit[TransmitPacket:ReadHistoryData:size[1024]:[page][0]:data[0]:] reader[ReadRadio:size:142] download_i[6] status[<LinkStatus:0x03:status:size=142:size(142)>] poll_size[142] poll_i[False] command[<ReadRadio:size:142>]:download(attempts[6],expect[142],results[896]:data[128]):no eod, sleep .200 try again
DEBUG:stick:<Stick transmit[TransmitPacket:ReadHistoryData:size[1024]:[page][0]:data[0]:] reader[ReadRadio:size:142] download_i[6] status[<LinkStatus:0x03:status:size=142:size(142)>] poll_size[142] poll_i[False] command[<ReadRadio:size:142>]>:STARTING POLL PHASE:attempt:0
DEBUG:stick:<Stick transmit[TransmitPacket:ReadHistoryData:size[1024]:[page][0]:data[0]:] reader[ReadRadio:size:142] download_i[6] status[<LinkStatus:0x03:status:size=142:size(142)>] poll_size[0] poll_i[0] command[<ReadRadio:size:142>]>:poll:attempt:0
INFO:stick:PROCESS:START:21864.92:LinkStatus:0x03:status:size=64
INFO:stick:link Stick transmit[TransmitPacket:ReadHistoryData:size[1024]:[page][0]:data[0]:] reader[ReadRadio:size:142] download_i[6] status[<LinkStatus:0x03:status:size=142:size(142)>] poll_size[0] poll_i[0] command[<LinkStatus:0x03:status:size=64:size(64)>] processing LinkStatus:0x03:status:size=64)
INFO:stick:send_force_read: attempt 0/5 send command, read until we get something within some timeout
INFO:stick:link Stick transmit[TransmitPacket:ReadHistoryData:size[1024]:[page][0]:data[0]:] reader[ReadRadio:size:142] download_i[6] status[<LinkStatus:0x03:status:size=142:size(142)>] poll_size[0] poll_i[0] command[<LinkStatus:0x03:status:size=64:size(64)>] sending LinkStatus:0x03:status:size=64)
INFO:root:usb.write.len: 3
0000   0x03 0x00 0x00                             ...
DEBUG:stick:sleeping 0.001
INFO:root:usb.read.len: 64
INFO:root:usb.read.raw:
0000   0x01 0x55 0x00 0x00 0x02 0x01 0x00 0x8e    .U......
0008   0x05 0x04 0x00 0x10 0x6c 0x00 0x00 0x00    ....l...
0010   0x00 0x00 0x00 0x00 0x00 0x00 0x00 0x00    ........
0018   0x00 0x00 0x00 0x00 0x00 0x00 0x00 0x00    ........
0020   0x00 0x00 0x00 0x00 0x00 0x00 0x00 0x00    ........
0028   0x00 0x00 0x00 0x00 0x00 0x00 0x00 0x00    ........
0030   0x00 0x00 0x00 0x00 0x00 0x00 0x00 0x00    ........
0038   0x00 0x00 0x00 0x00 0x00 0x00 0x00 0x00    ........
INFO:stick:quit send_force_read, found len: 64 expected 64 after 0 attempts
INFO:stick:LinkStatus:0x03:status:size=142

INFO:stick:finished processing LinkStatus:0x03:status:size=142, 142
INFO:stick:PROCESS:END:21909.287:LinkStatus:0x03:status:size=142
INFO:stick:Stick transmit[TransmitPacket:ReadHistoryData:size[1024]:[page][0]:data[0]:] reader[ReadRadio:size:142] download_i[6] status[<LinkStatus:0x03:status:size=142:size(142)>] poll_size[142] poll_i[0] command[<LinkStatus:0x03:status:size=142:size(142)>]:STOP POLL after 1 attempts:size:142
INFO:stick:Stick transmit[TransmitPacket:ReadHistoryData:size[1024]:[page][0]:data[0]:] reader[ReadRadio:size:142] download_i[7] status[<LinkStatus:0x03:status:size=142:size(142)>] poll_size[142] poll_i[False] command[<LinkStatus:0x03:status:size=142:size(142)>]:download(attempts[7],expect[142],results[896]:data[0]):proceed to download packet
INFO:stick:Stick transmit[TransmitPacket:ReadHistoryData:size[1024]:[page][0]:data[0]:] reader[ReadRadio:size:142] download_i[7] status[<LinkStatus:0x03:status:size=142:size(142)>] poll_size[142] poll_i[False] command[<LinkStatus:0x03:status:size=142:size(142)>]:download_packet:142
INFO:stick:PROCESS:START:21927.467:ReadRadio:size:142
INFO:stick:send_force_read: attempt 0/5 send command, read until we get something within some timeout
INFO:stick:link Stick transmit[TransmitPacket:ReadHistoryData:size[1024]:[page][0]:data[0]:] reader[ReadRadio:size:142] download_i[7] status[<LinkStatus:0x03:status:size=142:size(142)>] poll_size[142] poll_i[False] command[<ReadRadio:size:142>] sending ReadRadio:size:142)
INFO:root:usb.write.len: 5
0000   0x0c 0x00 0x00 0x8e 0x56                   ....V
DEBUG:stick:sleeping 0.001
INFO:root:usb.read.len: 142
INFO:root:usb.read.raw:
0000   0x02 0x00 0x04 0x00 0xea 0x80 0x80 0xa7    ........
0008   0x01 0x77 0x23 0x10 0xef 0x00 0x00 0x00    .w#.....
0010   0x00 0x00 0x00 0x00 0x00 0x00 0x00 0x00    ........
0018   0x00 0x00 0x00 0x00 0x00 0x00 0x00 0x00    ........
0020   0x00 0x00 0x00 0x00 0x00 0x00 0x00 0x00    ........
0028   0x00 0x00 0x00 0x00 0x00 0x00 0x00 0x00    ........
0030   0x00 0x00 0x00 0x00 0x00 0x00 0x00 0x00    ........
0038   0x00 0x00 0x00 0x00 0x00 0x00 0x00 0x00    ........
0040   0x00 0x00 0x00 0x00 0x00 0x00 0x00 0x00    ........
0048   0x00 0x00 0x00 0x00 0x00 0x00 0x00 0x00    ........
0050   0x00 0x00 0x00 0x00 0x00 0x00 0x00 0x00    ........
0058   0x00 0x00 0x00 0x00 0x00 0x00 0x00 0x00    ........
0060   0x00 0x00 0x00 0x00 0x00 0x00 0x00 0x00    ........
0068   0x00 0x00 0x00 0x00 0x00 0x00 0x00 0x00    ........
0070   0x00 0x00 0x00 0x00 0x00 0x00 0x00 0x00    ........
0078   0x00 0x00 0x00 0x00 0x00 0x00 0x00 0x00    ........
0080   0x00 0x00 0x00 0x00 0x00 0x00 0x00 0x00    ........
0088   0x00 0x00 0x00 0xc3 0x2c 0x73              ....,s
INFO:stick:quit send_force_read, found len: 142 expected 142 after 0 attempts
INFO:stick:readData validating remote raw[ack]: 02
INFO:stick:readData; foreign raw should be at least 14 bytes? 142 True
INFO:stick:readData; raw[retries] 0
INFO:stick:ReadRadio:size:142:eod:found eod (True)
INFO:stick:found packet len(128), link expects(128)
INFO:stick:PROCESS:END:21978.78:ReadRadio:size:142
INFO:stick:Stick transmit[TransmitPacket:ReadHistoryData:size[1024]:[page][0]:data[0]:] reader[ReadRadio:size:142] download_i[7] status[<LinkStatus:0x03:status:size=142:size(142)>] poll_size[142] poll_i[False] command[<ReadRadio:size:142>]:download(attempts[7],expect[142],results[1024]:data[128]):adding segment
INFO:stick:Stick transmit[TransmitPacket:ReadHistoryData:size[1024]:[page][0]:data[0]:] reader[ReadRadio:size:142] download_i[7] status[<LinkStatus:0x03:status:size=142:size(142)>] poll_size[142] poll_i[False] command[<ReadRadio:size:142>]:download(attempts[7],expect[142],results[1024]:data[128]):DONE
INFO:commands:ReadHistoryData:size[1024]:[page][0]:data[0]: extending original 0 with found 1024
INFO:commands:ReadHistoryData:size[1024]:[page][0]:data[0]: download respond replace original 0 with found 1024
INFO:__main__:finished executing:ReadHistoryData:size[1024]:[page][0]:data[1024]:
INFO:commands:ReadHistoryData:size[1024]:[page][0]:data[1024]::download:done size check found[1024] expected[1024]:CRC ACK check found[44] expected[59]:and has eod set? False
Traceback (most recent call last):
  File "decocare/session.py", line 130, in <module>
    log.info('PUMP READ PAGE 0: %s' % session.read_history_0( ))
  File "decocare/session.py", line 96, in read_history_0
    log.info('comm:READ history data page!!!:\n%s' % (lib.hexdump(comm.getData( ))))
  File "/home/pi/diabetes/decoding-carelink/decocare/lib.py", line 117, in hexdump
    hexa = ' '.join( [ '%#04x' %  x for x in list( s ) ] )
TypeError: %x format: a number is required, not str
Command exited with non-zero status 1
python decocare/session.py /dev/ttyUSB0 772310
	elapsed 0:23.83
	user 2.84
	system 0.29
	CPU 13% (0text+0data 8712max)k
